[23-Mar-2021 10:20:53 Asia/Tokyo] PHP Parse error:  syntax error, unexpected '<<' (T_SL), expecting ';' in /var/www/html/common/header.php on line 7
[24-Mar-2021 08:40:55 Asia/Tokyo] PHP Notice:  Only variables should be passed by reference in /var/www/html/user/action/register.php on line 17
[24-Mar-2021 08:41:14 Asia/Tokyo] PHP Notice:  Only variables should be passed by reference in /var/www/html/user/action/register.php on line 17
[24-Mar-2021 08:44:13 Asia/Tokyo] PHP Notice:  Only variables should be passed by reference in /var/www/html/user/action/register.php on line 17
[24-Mar-2021 08:44:18 Asia/Tokyo] PHP Notice:  Only variables should be passed by reference in /var/www/html/user/action/register.php on line 17
[24-Mar-2021 08:44:27 Asia/Tokyo] PHP Notice:  Undefined index: user_name in /var/www/html/user/action/register.php on line 5
[24-Mar-2021 08:44:27 Asia/Tokyo] PHP Notice:  Undefined index: user_email in /var/www/html/user/action/register.php on line 6
[24-Mar-2021 08:44:27 Asia/Tokyo] PHP Notice:  Undefined index: user_password in /var/www/html/user/action/register.php on line 7
[24-Mar-2021 08:44:27 Asia/Tokyo] PHP Notice:  Only variables should be passed by reference in /var/www/html/user/action/register.php on line 17
[24-Mar-2021 08:44:34 Asia/Tokyo] PHP Notice:  Undefined index: user_name in /var/www/html/user/action/register.php on line 5
[24-Mar-2021 08:44:34 Asia/Tokyo] PHP Notice:  Undefined index: user_email in /var/www/html/user/action/register.php on line 6
[24-Mar-2021 08:44:34 Asia/Tokyo] PHP Notice:  Undefined index: user_password in /var/www/html/user/action/register.php on line 7
[24-Mar-2021 08:44:34 Asia/Tokyo] PHP Notice:  Only variables should be passed by reference in /var/www/html/user/action/register.php on line 17
[24-Mar-2021 08:50:36 Asia/Tokyo] PHP Notice:  Only variables should be passed by reference in /var/www/html/user/action/register.php on line 17
[24-Mar-2021 08:50:41 Asia/Tokyo] PHP Notice:  Undefined index: user_name in /var/www/html/user/action/register.php on line 5
[24-Mar-2021 08:50:41 Asia/Tokyo] PHP Notice:  Undefined index: user_email in /var/www/html/user/action/register.php on line 6
[24-Mar-2021 08:50:41 Asia/Tokyo] PHP Notice:  Undefined index: user_password in /var/www/html/user/action/register.php on line 7
[24-Mar-2021 08:50:42 Asia/Tokyo] PHP Notice:  Only variables should be passed by reference in /var/www/html/user/action/register.php on line 17
[24-Mar-2021 08:51:22 Asia/Tokyo] PHP Notice:  Only variables should be passed by reference in /var/www/html/user/action/register.php on line 17
[24-Mar-2021 08:51:28 Asia/Tokyo] PHP Notice:  Undefined index: user_name in /var/www/html/user/action/register.php on line 5
[24-Mar-2021 08:51:28 Asia/Tokyo] PHP Notice:  Undefined index: user_email in /var/www/html/user/action/register.php on line 6
[24-Mar-2021 08:51:28 Asia/Tokyo] PHP Notice:  Undefined index: user_password in /var/www/html/user/action/register.php on line 7
[24-Mar-2021 08:51:28 Asia/Tokyo] PHP Notice:  Only variables should be passed by reference in /var/www/html/user/action/register.php on line 17
[24-Mar-2021 08:51:44 Asia/Tokyo] PHP Notice:  Only variables should be passed by reference in /var/www/html/user/action/register.php on line 17
[24-Mar-2021 08:51:48 Asia/Tokyo] PHP Notice:  Only variables should be passed by reference in /var/www/html/user/action/register.php on line 17
[24-Mar-2021 08:51:52 Asia/Tokyo] PHP Notice:  Only variables should be passed by reference in /var/www/html/user/action/register.php on line 17
[24-Mar-2021 09:00:31 Asia/Tokyo] PHP Notice:  Only variables should be passed by reference in /var/www/html/user/action/register.php on line 17
[24-Mar-2021 09:01:16 Asia/Tokyo] PHP Notice:  Only variables should be passed by reference in /var/www/html/user/action/register.php on line 17
[26-Mar-2021 08:03:15 Asia/Tokyo] PHP Notice:  Only variables should be passed by reference in /var/www/html/user/action/register.php on line 17
[26-Mar-2021 08:03:17 Asia/Tokyo] PHP Notice:  Only variables should be passed by reference in /var/www/html/user/action/register.php on line 17
[26-Mar-2021 08:03:21 Asia/Tokyo] PHP Notice:  Only variables should be passed by reference in /var/www/html/user/action/register.php on line 17
[26-Mar-2021 08:04:05 Asia/Tokyo] PHP Notice:  Only variables should be passed by reference in /var/www/html/user/action/register.php on line 17
[26-Mar-2021 08:04:14 Asia/Tokyo] PHP Notice:  Only variables should be passed by reference in /var/www/html/user/action/register.php on line 17
[28-Mar-2021 09:02:53 Asia/Tokyo] PHP Notice:  Only variables should be passed by reference in /var/www/html/user/action/register.php on line 17
[29-Mar-2021 08:05:26 Asia/Tokyo] PHP Notice:  Only variables should be passed by reference in /var/www/html/user/action/register.php on line 50
[29-Mar-2021 08:05:36 Asia/Tokyo] PHP Notice:  Only variables should be passed by reference in /var/www/html/user/action/register.php on line 50
[29-Mar-2021 08:07:44 Asia/Tokyo] PHP Notice:  Only variables should be passed by reference in /var/www/html/user/action/register.php on line 50
[29-Mar-2021 08:12:07 Asia/Tokyo] PHP Notice:  Only variables should be passed by reference in /var/www/html/user/action/register.php on line 50
[29-Mar-2021 08:12:26 Asia/Tokyo] PHP Notice:  Undefined index: user_name in /var/www/html/user/action/register.php on line 7
[29-Mar-2021 08:12:26 Asia/Tokyo] PHP Notice:  Undefined index: user_email in /var/www/html/user/action/register.php on line 8
[29-Mar-2021 08:12:26 Asia/Tokyo] PHP Notice:  Undefined index: user_password in /var/www/html/user/action/register.php on line 9
[29-Mar-2021 08:12:26 Asia/Tokyo] PHP Notice:  Only variables should be passed by reference in /var/www/html/user/action/register.php on line 50
[29-Mar-2021 08:13:12 Asia/Tokyo] PHP Notice:  Only variables should be passed by reference in /var/www/html/user/action/register.php on line 50
[29-Mar-2021 08:21:10 Asia/Tokyo] PHP Notice:  Only variables should be passed by reference in /var/www/html/user/action/register.php on line 50
[29-Mar-2021 08:22:59 Asia/Tokyo] PHP Notice:  Only variables should be passed by reference in /var/www/html/user/action/register.php on line 50
[29-Mar-2021 09:31:25 Asia/Tokyo] PHP Notice:  Only variables should be passed by reference in /var/www/html/user/action/register.php on line 51
[29-Mar-2021 09:32:03 Asia/Tokyo] PHP Notice:  Undefined variable: statement in /var/www/html/login/action/login.php on line 36
[29-Mar-2021 09:32:03 Asia/Tokyo] PHP Fatal error:  Uncaught Error: Call to a member function getDatabaseConnection() on null in /var/www/html/login/action/login.php:36
Stack trace:
#0 {main}
  thrown in /var/www/html/login/action/login.php on line 36
[29-Mar-2021 09:32:27 Asia/Tokyo] PHP Notice:  Undefined variable: statement in /var/www/html/login/action/login.php on line 36
[29-Mar-2021 09:32:27 Asia/Tokyo] PHP Fatal error:  Uncaught Error: Call to a member function getDatabaseConnection() on null in /var/www/html/login/action/login.php:36
Stack trace:
#0 {main}
  thrown in /var/www/html/login/action/login.php on line 36
[29-Mar-2021 10:59:23 Asia/Tokyo] PHP Notice:  Undefined variable: state in /var/www/html/memo/index.php on line 17
[29-Mar-2021 10:59:23 Asia/Tokyo] PHP Fatal error:  Uncaught Error: Call to a member function execute() on null in /var/www/html/memo/index.php:17
Stack trace:
#0 {main}
  thrown in /var/www/html/memo/index.php on line 17
[29-Mar-2021 10:59:46 Asia/Tokyo] PHP Notice:  Undefined variable: state in /var/www/html/memo/index.php on line 17
[29-Mar-2021 10:59:46 Asia/Tokyo] PHP Fatal error:  Uncaught Error: Call to a member function execute() on null in /var/www/html/memo/index.php:17
Stack trace:
#0 {main}
  thrown in /var/www/html/memo/index.php on line 17
[29-Mar-2021 11:17:24 Asia/Tokyo] PHP Notice:  Undefined index: update_at in /var/www/html/memo/index.php on line 72
[29-Mar-2021 11:17:26 Asia/Tokyo] PHP Notice:  Undefined index: update_at in /var/www/html/memo/index.php on line 72
[29-Mar-2021 11:19:44 Asia/Tokyo] PHP Notice:  Undefined index: update_at in /var/www/html/memo/index.php on line 72
[29-Mar-2021 11:57:22 Asia/Tokyo] PHP Notice:  Trying to access array offset on value of type bool in /var/www/html/memo/action/select.php on line 22
[29-Mar-2021 11:57:22 Asia/Tokyo] PHP Notice:  Trying to access array offset on value of type bool in /var/www/html/memo/action/select.php on line 23
[29-Mar-2021 11:57:22 Asia/Tokyo] PHP Notice:  Trying to access array offset on value of type bool in /var/www/html/memo/action/select.php on line 24
[29-Mar-2021 11:57:23 Asia/Tokyo] PHP Notice:  Trying to access array offset on value of type bool in /var/www/html/memo/action/select.php on line 22
[29-Mar-2021 11:57:23 Asia/Tokyo] PHP Notice:  Trying to access array offset on value of type bool in /var/www/html/memo/action/select.php on line 23
[29-Mar-2021 11:57:23 Asia/Tokyo] PHP Notice:  Trying to access array offset on value of type bool in /var/www/html/memo/action/select.php on line 24
[29-Mar-2021 11:57:24 Asia/Tokyo] PHP Notice:  Trying to access array offset on value of type bool in /var/www/html/memo/action/select.php on line 22
[29-Mar-2021 11:57:24 Asia/Tokyo] PHP Notice:  Trying to access array offset on value of type bool in /var/www/html/memo/action/select.php on line 23
[29-Mar-2021 11:57:24 Asia/Tokyo] PHP Notice:  Trying to access array offset on value of type bool in /var/www/html/memo/action/select.php on line 24
[29-Mar-2021 11:57:26 Asia/Tokyo] PHP Notice:  Trying to access array offset on value of type bool in /var/www/html/memo/action/select.php on line 22
[29-Mar-2021 11:57:26 Asia/Tokyo] PHP Notice:  Trying to access array offset on value of type bool in /var/www/html/memo/action/select.php on line 23
[29-Mar-2021 11:57:26 Asia/Tokyo] PHP Notice:  Trying to access array offset on value of type bool in /var/www/html/memo/action/select.php on line 24
[29-Mar-2021 11:57:34 Asia/Tokyo] PHP Notice:  Trying to access array offset on value of type bool in /var/www/html/memo/action/select.php on line 22
[29-Mar-2021 11:57:34 Asia/Tokyo] PHP Notice:  Trying to access array offset on value of type bool in /var/www/html/memo/action/select.php on line 23
[29-Mar-2021 11:57:34 Asia/Tokyo] PHP Notice:  Trying to access array offset on value of type bool in /var/www/html/memo/action/select.php on line 24
[29-Mar-2021 11:57:35 Asia/Tokyo] PHP Notice:  Trying to access array offset on value of type bool in /var/www/html/memo/action/select.php on line 22
[29-Mar-2021 11:57:35 Asia/Tokyo] PHP Notice:  Trying to access array offset on value of type bool in /var/www/html/memo/action/select.php on line 23
[29-Mar-2021 11:57:35 Asia/Tokyo] PHP Notice:  Trying to access array offset on value of type bool in /var/www/html/memo/action/select.php on line 24
[29-Mar-2021 11:57:36 Asia/Tokyo] PHP Notice:  Trying to access array offset on value of type bool in /var/www/html/memo/action/select.php on line 22
[29-Mar-2021 11:57:36 Asia/Tokyo] PHP Notice:  Trying to access array offset on value of type bool in /var/www/html/memo/action/select.php on line 23
[29-Mar-2021 11:57:36 Asia/Tokyo] PHP Notice:  Trying to access array offset on value of type bool in /var/www/html/memo/action/select.php on line 24
[29-Mar-2021 11:57:37 Asia/Tokyo] PHP Notice:  Trying to access array offset on value of type bool in /var/www/html/memo/action/select.php on line 22
[29-Mar-2021 11:57:37 Asia/Tokyo] PHP Notice:  Trying to access array offset on value of type bool in /var/www/html/memo/action/select.php on line 23
[29-Mar-2021 11:57:37 Asia/Tokyo] PHP Notice:  Trying to access array offset on value of type bool in /var/www/html/memo/action/select.php on line 24
[29-Mar-2021 11:57:38 Asia/Tokyo] PHP Notice:  Trying to access array offset on value of type bool in /var/www/html/memo/action/select.php on line 22
[29-Mar-2021 11:57:38 Asia/Tokyo] PHP Notice:  Trying to access array offset on value of type bool in /var/www/html/memo/action/select.php on line 23
[29-Mar-2021 11:57:38 Asia/Tokyo] PHP Notice:  Trying to access array offset on value of type bool in /var/www/html/memo/action/select.php on line 24
[29-Mar-2021 11:57:39 Asia/Tokyo] PHP Notice:  Trying to access array offset on value of type bool in /var/www/html/memo/action/select.php on line 22
[29-Mar-2021 11:57:39 Asia/Tokyo] PHP Notice:  Trying to access array offset on value of type bool in /var/www/html/memo/action/select.php on line 23
[29-Mar-2021 11:57:39 Asia/Tokyo] PHP Notice:  Trying to access array offset on value of type bool in /var/www/html/memo/action/select.php on line 24
[29-Mar-2021 12:00:02 Asia/Tokyo] PHP Notice:  Trying to access array offset on value of type bool in /var/www/html/memo/action/select.php on line 22
[29-Mar-2021 12:00:02 Asia/Tokyo] PHP Notice:  Trying to access array offset on value of type bool in /var/www/html/memo/action/select.php on line 23
[29-Mar-2021 12:00:02 Asia/Tokyo] PHP Notice:  Trying to access array offset on value of type bool in /var/www/html/memo/action/select.php on line 24
[29-Mar-2021 12:00:03 Asia/Tokyo] PHP Notice:  Trying to access array offset on value of type bool in /var/www/html/memo/action/select.php on line 22
[29-Mar-2021 12:00:03 Asia/Tokyo] PHP Notice:  Trying to access array offset on value of type bool in /var/www/html/memo/action/select.php on line 23
[29-Mar-2021 12:00:03 Asia/Tokyo] PHP Notice:  Trying to access array offset on value of type bool in /var/www/html/memo/action/select.php on line 24
[29-Mar-2021 12:00:03 Asia/Tokyo] PHP Notice:  Trying to access array offset on value of type bool in /var/www/html/memo/action/select.php on line 22
[29-Mar-2021 12:00:03 Asia/Tokyo] PHP Notice:  Trying to access array offset on value of type bool in /var/www/html/memo/action/select.php on line 23
[29-Mar-2021 12:00:03 Asia/Tokyo] PHP Notice:  Trying to access array offset on value of type bool in /var/www/html/memo/action/select.php on line 24
[29-Mar-2021 12:00:03 Asia/Tokyo] PHP Notice:  Trying to access array offset on value of type bool in /var/www/html/memo/action/select.php on line 22
[29-Mar-2021 12:00:03 Asia/Tokyo] PHP Notice:  Trying to access array offset on value of type bool in /var/www/html/memo/action/select.php on line 23
[29-Mar-2021 12:00:03 Asia/Tokyo] PHP Notice:  Trying to access array offset on value of type bool in /var/www/html/memo/action/select.php on line 24
[29-Mar-2021 12:00:04 Asia/Tokyo] PHP Notice:  Trying to access array offset on value of type bool in /var/www/html/memo/action/select.php on line 22
[29-Mar-2021 12:00:04 Asia/Tokyo] PHP Notice:  Trying to access array offset on value of type bool in /var/www/html/memo/action/select.php on line 23
[29-Mar-2021 12:00:04 Asia/Tokyo] PHP Notice:  Trying to access array offset on value of type bool in /var/www/html/memo/action/select.php on line 24
[29-Mar-2021 12:00:05 Asia/Tokyo] PHP Notice:  Trying to access array offset on value of type bool in /var/www/html/memo/action/select.php on line 22
[29-Mar-2021 12:00:05 Asia/Tokyo] PHP Notice:  Trying to access array offset on value of type bool in /var/www/html/memo/action/select.php on line 23
[29-Mar-2021 12:00:05 Asia/Tokyo] PHP Notice:  Trying to access array offset on value of type bool in /var/www/html/memo/action/select.php on line 24
[29-Mar-2021 12:01:55 Asia/Tokyo] PHP Notice:  Trying to access array offset on value of type bool in /var/www/html/memo/action/select.php on line 22
[29-Mar-2021 12:01:55 Asia/Tokyo] PHP Notice:  Trying to access array offset on value of type bool in /var/www/html/memo/action/select.php on line 23
[29-Mar-2021 12:01:55 Asia/Tokyo] PHP Notice:  Trying to access array offset on value of type bool in /var/www/html/memo/action/select.php on line 24
[29-Mar-2021 12:01:56 Asia/Tokyo] PHP Notice:  Trying to access array offset on value of type bool in /var/www/html/memo/action/select.php on line 22
[29-Mar-2021 12:01:56 Asia/Tokyo] PHP Notice:  Trying to access array offset on value of type bool in /var/www/html/memo/action/select.php on line 23
[29-Mar-2021 12:01:56 Asia/Tokyo] PHP Notice:  Trying to access array offset on value of type bool in /var/www/html/memo/action/select.php on line 24
[29-Mar-2021 12:01:57 Asia/Tokyo] PHP Notice:  Trying to access array offset on value of type bool in /var/www/html/memo/action/select.php on line 22
[29-Mar-2021 12:01:57 Asia/Tokyo] PHP Notice:  Trying to access array offset on value of type bool in /var/www/html/memo/action/select.php on line 23
[29-Mar-2021 12:01:57 Asia/Tokyo] PHP Notice:  Trying to access array offset on value of type bool in /var/www/html/memo/action/select.php on line 24
[29-Mar-2021 12:01:58 Asia/Tokyo] PHP Notice:  Trying to access array offset on value of type bool in /var/www/html/memo/action/select.php on line 22
[29-Mar-2021 12:01:58 Asia/Tokyo] PHP Notice:  Trying to access array offset on value of type bool in /var/www/html/memo/action/select.php on line 23
[29-Mar-2021 12:01:58 Asia/Tokyo] PHP Notice:  Trying to access array offset on value of type bool in /var/www/html/memo/action/select.php on line 24
[29-Mar-2021 12:01:59 Asia/Tokyo] PHP Notice:  Trying to access array offset on value of type bool in /var/www/html/memo/action/select.php on line 22
[29-Mar-2021 12:01:59 Asia/Tokyo] PHP Notice:  Trying to access array offset on value of type bool in /var/www/html/memo/action/select.php on line 23
[29-Mar-2021 12:01:59 Asia/Tokyo] PHP Notice:  Trying to access array offset on value of type bool in /var/www/html/memo/action/select.php on line 24
[29-Mar-2021 12:07:29 Asia/Tokyo] PHP Notice:  Trying to access array offset on value of type bool in /var/www/html/memo/action/select.php on line 22
[29-Mar-2021 12:07:29 Asia/Tokyo] PHP Notice:  Trying to access array offset on value of type bool in /var/www/html/memo/action/select.php on line 23
[29-Mar-2021 12:07:29 Asia/Tokyo] PHP Notice:  Trying to access array offset on value of type bool in /var/www/html/memo/action/select.php on line 24
[29-Mar-2021 12:07:30 Asia/Tokyo] PHP Notice:  Trying to access array offset on value of type bool in /var/www/html/memo/action/select.php on line 22
[29-Mar-2021 12:07:30 Asia/Tokyo] PHP Notice:  Trying to access array offset on value of type bool in /var/www/html/memo/action/select.php on line 23
[29-Mar-2021 12:07:30 Asia/Tokyo] PHP Notice:  Trying to access array offset on value of type bool in /var/www/html/memo/action/select.php on line 24
[29-Mar-2021 12:07:30 Asia/Tokyo] PHP Notice:  Trying to access array offset on value of type bool in /var/www/html/memo/action/select.php on line 22
[29-Mar-2021 12:07:30 Asia/Tokyo] PHP Notice:  Trying to access array offset on value of type bool in /var/www/html/memo/action/select.php on line 23
[29-Mar-2021 12:07:30 Asia/Tokyo] PHP Notice:  Trying to access array offset on value of type bool in /var/www/html/memo/action/select.php on line 24
[29-Mar-2021 12:13:58 Asia/Tokyo] PHP Notice:  Trying to access array offset on value of type bool in /var/www/html/memo/action/select.php on line 22
[29-Mar-2021 12:13:58 Asia/Tokyo] PHP Notice:  Trying to access array offset on value of type bool in /var/www/html/memo/action/select.php on line 23
[29-Mar-2021 12:13:58 Asia/Tokyo] PHP Notice:  Trying to access array offset on value of type bool in /var/www/html/memo/action/select.php on line 24
[29-Mar-2021 12:13:59 Asia/Tokyo] PHP Notice:  Trying to access array offset on value of type bool in /var/www/html/memo/action/select.php on line 22
[29-Mar-2021 12:13:59 Asia/Tokyo] PHP Notice:  Trying to access array offset on value of type bool in /var/www/html/memo/action/select.php on line 23
[29-Mar-2021 12:13:59 Asia/Tokyo] PHP Notice:  Trying to access array offset on value of type bool in /var/www/html/memo/action/select.php on line 24
[29-Mar-2021 12:14:00 Asia/Tokyo] PHP Notice:  Trying to access array offset on value of type bool in /var/www/html/memo/action/select.php on line 22
[29-Mar-2021 12:14:00 Asia/Tokyo] PHP Notice:  Trying to access array offset on value of type bool in /var/www/html/memo/action/select.php on line 23
[29-Mar-2021 12:14:00 Asia/Tokyo] PHP Notice:  Trying to access array offset on value of type bool in /var/www/html/memo/action/select.php on line 24
[29-Mar-2021 12:14:01 Asia/Tokyo] PHP Notice:  Trying to access array offset on value of type bool in /var/www/html/memo/action/select.php on line 22
[29-Mar-2021 12:14:01 Asia/Tokyo] PHP Notice:  Trying to access array offset on value of type bool in /var/www/html/memo/action/select.php on line 23
[29-Mar-2021 12:14:01 Asia/Tokyo] PHP Notice:  Trying to access array offset on value of type bool in /var/www/html/memo/action/select.php on line 24
[29-Mar-2021 12:14:02 Asia/Tokyo] PHP Notice:  Trying to access array offset on value of type bool in /var/www/html/memo/action/select.php on line 22
[29-Mar-2021 12:14:02 Asia/Tokyo] PHP Notice:  Trying to access array offset on value of type bool in /var/www/html/memo/action/select.php on line 23
[29-Mar-2021 12:14:02 Asia/Tokyo] PHP Notice:  Trying to access array offset on value of type bool in /var/www/html/memo/action/select.php on line 24
[29-Mar-2021 12:14:03 Asia/Tokyo] PHP Notice:  Trying to access array offset on value of type bool in /var/www/html/memo/action/select.php on line 22
[29-Mar-2021 12:14:03 Asia/Tokyo] PHP Notice:  Trying to access array offset on value of type bool in /var/www/html/memo/action/select.php on line 23
[29-Mar-2021 12:14:03 Asia/Tokyo] PHP Notice:  Trying to access array offset on value of type bool in /var/www/html/memo/action/select.php on line 24
[29-Mar-2021 12:14:04 Asia/Tokyo] PHP Notice:  Trying to access array offset on value of type bool in /var/www/html/memo/action/select.php on line 22
[29-Mar-2021 12:14:04 Asia/Tokyo] PHP Notice:  Trying to access array offset on value of type bool in /var/www/html/memo/action/select.php on line 23
[29-Mar-2021 12:14:04 Asia/Tokyo] PHP Notice:  Trying to access array offset on value of type bool in /var/www/html/memo/action/select.php on line 24
[29-Mar-2021 12:14:47 Asia/Tokyo] PHP Notice:  Trying to access array offset on value of type bool in /var/www/html/memo/action/select.php on line 22
[29-Mar-2021 12:14:47 Asia/Tokyo] PHP Notice:  Trying to access array offset on value of type bool in /var/www/html/memo/action/select.php on line 23
[29-Mar-2021 12:14:47 Asia/Tokyo] PHP Notice:  Trying to access array offset on value of type bool in /var/www/html/memo/action/select.php on line 24
[29-Mar-2021 12:14:48 Asia/Tokyo] PHP Notice:  Trying to access array offset on value of type bool in /var/www/html/memo/action/select.php on line 22
[29-Mar-2021 12:14:48 Asia/Tokyo] PHP Notice:  Trying to access array offset on value of type bool in /var/www/html/memo/action/select.php on line 23
[29-Mar-2021 12:14:48 Asia/Tokyo] PHP Notice:  Trying to access array offset on value of type bool in /var/www/html/memo/action/select.php on line 24
[29-Mar-2021 12:14:48 Asia/Tokyo] PHP Notice:  Trying to access array offset on value of type bool in /var/www/html/memo/action/select.php on line 22
[29-Mar-2021 12:14:48 Asia/Tokyo] PHP Notice:  Trying to access array offset on value of type bool in /var/www/html/memo/action/select.php on line 23
[29-Mar-2021 12:14:48 Asia/Tokyo] PHP Notice:  Trying to access array offset on value of type bool in /var/www/html/memo/action/select.php on line 24
[29-Mar-2021 12:16:07 Asia/Tokyo] PHP Notice:  Trying to access array offset on value of type bool in /var/www/html/memo/action/select.php on line 22
[29-Mar-2021 12:16:07 Asia/Tokyo] PHP Notice:  Trying to access array offset on value of type bool in /var/www/html/memo/action/select.php on line 23
[29-Mar-2021 12:16:07 Asia/Tokyo] PHP Notice:  Trying to access array offset on value of type bool in /var/www/html/memo/action/select.php on line 24
[29-Mar-2021 12:16:08 Asia/Tokyo] PHP Notice:  Trying to access array offset on value of type bool in /var/www/html/memo/action/select.php on line 22
[29-Mar-2021 12:16:08 Asia/Tokyo] PHP Notice:  Trying to access array offset on value of type bool in /var/www/html/memo/action/select.php on line 23
[29-Mar-2021 12:16:08 Asia/Tokyo] PHP Notice:  Trying to access array offset on value of type bool in /var/www/html/memo/action/select.php on line 24
[29-Mar-2021 12:16:15 Asia/Tokyo] PHP Notice:  Trying to access array offset on value of type bool in /var/www/html/memo/action/select.php on line 22
[29-Mar-2021 12:16:15 Asia/Tokyo] PHP Notice:  Trying to access array offset on value of type bool in /var/www/html/memo/action/select.php on line 23
[29-Mar-2021 12:16:15 Asia/Tokyo] PHP Notice:  Trying to access array offset on value of type bool in /var/www/html/memo/action/select.php on line 24
[29-Mar-2021 12:16:16 Asia/Tokyo] PHP Notice:  Trying to access array offset on value of type bool in /var/www/html/memo/action/select.php on line 22
[29-Mar-2021 12:16:16 Asia/Tokyo] PHP Notice:  Trying to access array offset on value of type bool in /var/www/html/memo/action/select.php on line 23
[29-Mar-2021 12:16:16 Asia/Tokyo] PHP Notice:  Trying to access array offset on value of type bool in /var/www/html/memo/action/select.php on line 24
[29-Mar-2021 12:16:17 Asia/Tokyo] PHP Notice:  Trying to access array offset on value of type bool in /var/www/html/memo/action/select.php on line 22
[29-Mar-2021 12:16:17 Asia/Tokyo] PHP Notice:  Trying to access array offset on value of type bool in /var/www/html/memo/action/select.php on line 23
[29-Mar-2021 12:16:17 Asia/Tokyo] PHP Notice:  Trying to access array offset on value of type bool in /var/www/html/memo/action/select.php on line 24
[29-Mar-2021 12:21:15 Asia/Tokyo] PHP Notice:  Trying to access array offset on value of type bool in /var/www/html/memo/action/select.php on line 22
[29-Mar-2021 12:21:15 Asia/Tokyo] PHP Notice:  Trying to access array offset on value of type bool in /var/www/html/memo/action/select.php on line 23
[29-Mar-2021 12:21:15 Asia/Tokyo] PHP Notice:  Trying to access array offset on value of type bool in /var/www/html/memo/action/select.php on line 24
[29-Mar-2021 12:21:16 Asia/Tokyo] PHP Notice:  Trying to access array offset on value of type bool in /var/www/html/memo/action/select.php on line 22
[29-Mar-2021 12:21:16 Asia/Tokyo] PHP Notice:  Trying to access array offset on value of type bool in /var/www/html/memo/action/select.php on line 23
[29-Mar-2021 12:21:16 Asia/Tokyo] PHP Notice:  Trying to access array offset on value of type bool in /var/www/html/memo/action/select.php on line 24
[29-Mar-2021 12:21:16 Asia/Tokyo] PHP Notice:  Trying to access array offset on value of type bool in /var/www/html/memo/action/select.php on line 22
[29-Mar-2021 12:21:16 Asia/Tokyo] PHP Notice:  Trying to access array offset on value of type bool in /var/www/html/memo/action/select.php on line 23
[29-Mar-2021 12:21:16 Asia/Tokyo] PHP Notice:  Trying to access array offset on value of type bool in /var/www/html/memo/action/select.php on line 24
[29-Mar-2021 12:21:17 Asia/Tokyo] PHP Notice:  Trying to access array offset on value of type bool in /var/www/html/memo/action/select.php on line 22
[29-Mar-2021 12:21:17 Asia/Tokyo] PHP Notice:  Trying to access array offset on value of type bool in /var/www/html/memo/action/select.php on line 23
[29-Mar-2021 12:21:17 Asia/Tokyo] PHP Notice:  Trying to access array offset on value of type bool in /var/www/html/memo/action/select.php on line 24
[29-Mar-2021 12:27:26 Asia/Tokyo] PHP Notice:  Undefined index: id in /var/www/html/memo/action/select.php on line 10
[29-Mar-2021 12:27:26 Asia/Tokyo] PHP Notice:  Trying to access array offset on value of type bool in /var/www/html/memo/action/select.php on line 22
[29-Mar-2021 12:27:26 Asia/Tokyo] PHP Notice:  Trying to access array offset on value of type bool in /var/www/html/memo/action/select.php on line 23
[29-Mar-2021 12:27:26 Asia/Tokyo] PHP Notice:  Trying to access array offset on value of type bool in /var/www/html/memo/action/select.php on line 24
[29-Mar-2021 12:27:27 Asia/Tokyo] PHP Notice:  Undefined index: id in /var/www/html/memo/action/select.php on line 10
[29-Mar-2021 12:27:27 Asia/Tokyo] PHP Notice:  Trying to access array offset on value of type bool in /var/www/html/memo/action/select.php on line 22
[29-Mar-2021 12:27:27 Asia/Tokyo] PHP Notice:  Trying to access array offset on value of type bool in /var/www/html/memo/action/select.php on line 23
[29-Mar-2021 12:27:27 Asia/Tokyo] PHP Notice:  Trying to access array offset on value of type bool in /var/www/html/memo/action/select.php on line 24
[29-Mar-2021 12:27:28 Asia/Tokyo] PHP Notice:  Undefined index: id in /var/www/html/memo/action/select.php on line 10
[29-Mar-2021 12:27:28 Asia/Tokyo] PHP Notice:  Trying to access array offset on value of type bool in /var/www/html/memo/action/select.php on line 22
[29-Mar-2021 12:27:28 Asia/Tokyo] PHP Notice:  Trying to access array offset on value of type bool in /var/www/html/memo/action/select.php on line 23
[29-Mar-2021 12:27:28 Asia/Tokyo] PHP Notice:  Trying to access array offset on value of type bool in /var/www/html/memo/action/select.php on line 24
[29-Mar-2021 12:27:33 Asia/Tokyo] PHP Notice:  Trying to access array offset on value of type bool in /var/www/html/memo/action/select.php on line 22
[29-Mar-2021 12:27:33 Asia/Tokyo] PHP Notice:  Trying to access array offset on value of type bool in /var/www/html/memo/action/select.php on line 23
[29-Mar-2021 12:27:33 Asia/Tokyo] PHP Notice:  Trying to access array offset on value of type bool in /var/www/html/memo/action/select.php on line 24
[29-Mar-2021 12:27:34 Asia/Tokyo] PHP Notice:  Trying to access array offset on value of type bool in /var/www/html/memo/action/select.php on line 22
[29-Mar-2021 12:27:34 Asia/Tokyo] PHP Notice:  Trying to access array offset on value of type bool in /var/www/html/memo/action/select.php on line 23
[29-Mar-2021 12:27:34 Asia/Tokyo] PHP Notice:  Trying to access array offset on value of type bool in /var/www/html/memo/action/select.php on line 24
[29-Mar-2021 12:28:17 Asia/Tokyo] PHP Notice:  Trying to access array offset on value of type bool in /var/www/html/memo/action/select.php on line 22
[29-Mar-2021 12:28:17 Asia/Tokyo] PHP Notice:  Trying to access array offset on value of type bool in /var/www/html/memo/action/select.php on line 23
[29-Mar-2021 12:28:17 Asia/Tokyo] PHP Notice:  Trying to access array offset on value of type bool in /var/www/html/memo/action/select.php on line 24
[29-Mar-2021 12:28:17 Asia/Tokyo] PHP Notice:  Trying to access array offset on value of type bool in /var/www/html/memo/action/select.php on line 22
[29-Mar-2021 12:28:17 Asia/Tokyo] PHP Notice:  Trying to access array offset on value of type bool in /var/www/html/memo/action/select.php on line 23
[29-Mar-2021 12:28:17 Asia/Tokyo] PHP Notice:  Trying to access array offset on value of type bool in /var/www/html/memo/action/select.php on line 24
[29-Mar-2021 12:28:17 Asia/Tokyo] PHP Notice:  Trying to access array offset on value of type bool in /var/www/html/memo/action/select.php on line 22
[29-Mar-2021 12:28:17 Asia/Tokyo] PHP Notice:  Trying to access array offset on value of type bool in /var/www/html/memo/action/select.php on line 23
[29-Mar-2021 12:28:17 Asia/Tokyo] PHP Notice:  Trying to access array offset on value of type bool in /var/www/html/memo/action/select.php on line 24
[29-Mar-2021 12:28:18 Asia/Tokyo] PHP Notice:  Trying to access array offset on value of type bool in /var/www/html/memo/action/select.php on line 22
[29-Mar-2021 12:28:18 Asia/Tokyo] PHP Notice:  Trying to access array offset on value of type bool in /var/www/html/memo/action/select.php on line 23
[29-Mar-2021 12:28:18 Asia/Tokyo] PHP Notice:  Trying to access array offset on value of type bool in /var/www/html/memo/action/select.php on line 24
[29-Mar-2021 12:28:18 Asia/Tokyo] PHP Notice:  Trying to access array offset on value of type bool in /var/www/html/memo/action/select.php on line 22
[29-Mar-2021 12:28:18 Asia/Tokyo] PHP Notice:  Trying to access array offset on value of type bool in /var/www/html/memo/action/select.php on line 23
[29-Mar-2021 12:28:18 Asia/Tokyo] PHP Notice:  Trying to access array offset on value of type bool in /var/www/html/memo/action/select.php on line 24
[29-Mar-2021 12:28:19 Asia/Tokyo] PHP Notice:  Trying to access array offset on value of type bool in /var/www/html/memo/action/select.php on line 22
[29-Mar-2021 12:28:19 Asia/Tokyo] PHP Notice:  Trying to access array offset on value of type bool in /var/www/html/memo/action/select.php on line 23
[29-Mar-2021 12:28:19 Asia/Tokyo] PHP Notice:  Trying to access array offset on value of type bool in /var/www/html/memo/action/select.php on line 24
[29-Mar-2021 13:48:21 Asia/Tokyo] PHP Notice:  Trying to access array offset on value of type bool in /var/www/html/memo/action/select.php on line 22
[29-Mar-2021 13:48:21 Asia/Tokyo] PHP Notice:  Trying to access array offset on value of type bool in /var/www/html/memo/action/select.php on line 23
[29-Mar-2021 13:48:21 Asia/Tokyo] PHP Notice:  Trying to access array offset on value of type bool in /var/www/html/memo/action/select.php on line 24
[29-Mar-2021 13:48:22 Asia/Tokyo] PHP Notice:  Trying to access array offset on value of type bool in /var/www/html/memo/action/select.php on line 22
[29-Mar-2021 13:48:22 Asia/Tokyo] PHP Notice:  Trying to access array offset on value of type bool in /var/www/html/memo/action/select.php on line 23
[29-Mar-2021 13:48:22 Asia/Tokyo] PHP Notice:  Trying to access array offset on value of type bool in /var/www/html/memo/action/select.php on line 24
[29-Mar-2021 13:48:22 Asia/Tokyo] PHP Notice:  Trying to access array offset on value of type bool in /var/www/html/memo/action/select.php on line 22
[29-Mar-2021 13:48:22 Asia/Tokyo] PHP Notice:  Trying to access array offset on value of type bool in /var/www/html/memo/action/select.php on line 23
[29-Mar-2021 13:48:22 Asia/Tokyo] PHP Notice:  Trying to access array offset on value of type bool in /var/www/html/memo/action/select.php on line 24
[29-Mar-2021 13:50:15 Asia/Tokyo] PHP Notice:  Trying to access array offset on value of type bool in /var/www/html/memo/action/select.php on line 22
[29-Mar-2021 13:50:15 Asia/Tokyo] PHP Notice:  Trying to access array offset on value of type bool in /var/www/html/memo/action/select.php on line 23
[29-Mar-2021 13:50:15 Asia/Tokyo] PHP Notice:  Trying to access array offset on value of type bool in /var/www/html/memo/action/select.php on line 24
[29-Mar-2021 13:50:16 Asia/Tokyo] PHP Notice:  Trying to access array offset on value of type bool in /var/www/html/memo/action/select.php on line 22
[29-Mar-2021 13:50:16 Asia/Tokyo] PHP Notice:  Trying to access array offset on value of type bool in /var/www/html/memo/action/select.php on line 23
[29-Mar-2021 13:50:16 Asia/Tokyo] PHP Notice:  Trying to access array offset on value of type bool in /var/www/html/memo/action/select.php on line 24
[29-Mar-2021 13:50:38 Asia/Tokyo] PHP Notice:  Trying to access array offset on value of type bool in /var/www/html/memo/action/select.php on line 22
[29-Mar-2021 13:50:38 Asia/Tokyo] PHP Notice:  Trying to access array offset on value of type bool in /var/www/html/memo/action/select.php on line 23
[29-Mar-2021 13:50:38 Asia/Tokyo] PHP Notice:  Trying to access array offset on value of type bool in /var/www/html/memo/action/select.php on line 24
[29-Mar-2021 13:52:21 Asia/Tokyo] PHP Notice:  Trying to access array offset on value of type bool in /var/www/html/memo/action/select.php on line 22
[29-Mar-2021 13:52:21 Asia/Tokyo] PHP Notice:  Trying to access array offset on value of type bool in /var/www/html/memo/action/select.php on line 23
[29-Mar-2021 13:52:21 Asia/Tokyo] PHP Notice:  Trying to access array offset on value of type bool in /var/www/html/memo/action/select.php on line 24
[29-Mar-2021 14:07:00 Asia/Tokyo] PHP Notice:  Trying to access array offset on value of type bool in /var/www/html/memo/action/select.php on line 22
[29-Mar-2021 14:07:00 Asia/Tokyo] PHP Notice:  Trying to access array offset on value of type bool in /var/www/html/memo/action/select.php on line 23
[29-Mar-2021 14:07:00 Asia/Tokyo] PHP Notice:  Trying to access array offset on value of type bool in /var/www/html/memo/action/select.php on line 24
[29-Mar-2021 14:07:02 Asia/Tokyo] PHP Notice:  Trying to access array offset on value of type bool in /var/www/html/memo/action/select.php on line 22
[29-Mar-2021 14:07:02 Asia/Tokyo] PHP Notice:  Trying to access array offset on value of type bool in /var/www/html/memo/action/select.php on line 23
[29-Mar-2021 14:07:02 Asia/Tokyo] PHP Notice:  Trying to access array offset on value of type bool in /var/www/html/memo/action/select.php on line 24
[29-Mar-2021 14:07:03 Asia/Tokyo] PHP Notice:  Trying to access array offset on value of type bool in /var/www/html/memo/action/select.php on line 22
[29-Mar-2021 14:07:03 Asia/Tokyo] PHP Notice:  Trying to access array offset on value of type bool in /var/www/html/memo/action/select.php on line 23
[29-Mar-2021 14:07:03 Asia/Tokyo] PHP Notice:  Trying to access array offset on value of type bool in /var/www/html/memo/action/select.php on line 24
[29-Mar-2021 14:07:04 Asia/Tokyo] PHP Notice:  Trying to access array offset on value of type bool in /var/www/html/memo/action/select.php on line 22
[29-Mar-2021 14:07:04 Asia/Tokyo] PHP Notice:  Trying to access array offset on value of type bool in /var/www/html/memo/action/select.php on line 23
[29-Mar-2021 14:07:04 Asia/Tokyo] PHP Notice:  Trying to access array offset on value of type bool in /var/www/html/memo/action/select.php on line 24
[29-Mar-2021 14:07:04 Asia/Tokyo] PHP Notice:  Trying to access array offset on value of type bool in /var/www/html/memo/action/select.php on line 22
[29-Mar-2021 14:07:04 Asia/Tokyo] PHP Notice:  Trying to access array offset on value of type bool in /var/www/html/memo/action/select.php on line 23
[29-Mar-2021 14:07:04 Asia/Tokyo] PHP Notice:  Trying to access array offset on value of type bool in /var/www/html/memo/action/select.php on line 24
[29-Mar-2021 14:07:05 Asia/Tokyo] PHP Notice:  Trying to access array offset on value of type bool in /var/www/html/memo/action/select.php on line 22
[29-Mar-2021 14:07:05 Asia/Tokyo] PHP Notice:  Trying to access array offset on value of type bool in /var/www/html/memo/action/select.php on line 23
[29-Mar-2021 14:07:05 Asia/Tokyo] PHP Notice:  Trying to access array offset on value of type bool in /var/www/html/memo/action/select.php on line 24
[29-Mar-2021 14:07:07 Asia/Tokyo] PHP Notice:  Trying to access array offset on value of type bool in /var/www/html/memo/action/select.php on line 22
[29-Mar-2021 14:07:07 Asia/Tokyo] PHP Notice:  Trying to access array offset on value of type bool in /var/www/html/memo/action/select.php on line 23
[29-Mar-2021 14:07:07 Asia/Tokyo] PHP Notice:  Trying to access array offset on value of type bool in /var/www/html/memo/action/select.php on line 24
[29-Mar-2021 14:07:30 Asia/Tokyo] PHP Notice:  Trying to access array offset on value of type bool in /var/www/html/memo/action/select.php on line 22
[29-Mar-2021 14:07:30 Asia/Tokyo] PHP Notice:  Trying to access array offset on value of type bool in /var/www/html/memo/action/select.php on line 23
[29-Mar-2021 14:07:30 Asia/Tokyo] PHP Notice:  Trying to access array offset on value of type bool in /var/www/html/memo/action/select.php on line 24
[29-Mar-2021 14:07:48 Asia/Tokyo] PHP Notice:  Trying to access array offset on value of type bool in /var/www/html/memo/action/select.php on line 22
[29-Mar-2021 14:07:48 Asia/Tokyo] PHP Notice:  Trying to access array offset on value of type bool in /var/www/html/memo/action/select.php on line 23
[29-Mar-2021 14:07:48 Asia/Tokyo] PHP Notice:  Trying to access array offset on value of type bool in /var/www/html/memo/action/select.php on line 24
[29-Mar-2021 14:07:50 Asia/Tokyo] PHP Notice:  Trying to access array offset on value of type bool in /var/www/html/memo/action/select.php on line 22
[29-Mar-2021 14:07:50 Asia/Tokyo] PHP Notice:  Trying to access array offset on value of type bool in /var/www/html/memo/action/select.php on line 23
[29-Mar-2021 14:07:50 Asia/Tokyo] PHP Notice:  Trying to access array offset on value of type bool in /var/www/html/memo/action/select.php on line 24
[29-Mar-2021 14:09:32 Asia/Tokyo] PHP Notice:  Only variables should be passed by reference in /var/www/html/user/action/register.php on line 51
[29-Mar-2021 14:09:39 Asia/Tokyo] PHP Notice:  Trying to access array offset on value of type bool in /var/www/html/memo/action/select.php on line 22
[29-Mar-2021 14:09:39 Asia/Tokyo] PHP Notice:  Trying to access array offset on value of type bool in /var/www/html/memo/action/select.php on line 23
[29-Mar-2021 14:09:39 Asia/Tokyo] PHP Notice:  Trying to access array offset on value of type bool in /var/www/html/memo/action/select.php on line 24
[29-Mar-2021 14:09:40 Asia/Tokyo] PHP Notice:  Trying to access array offset on value of type bool in /var/www/html/memo/action/select.php on line 22
[29-Mar-2021 14:09:40 Asia/Tokyo] PHP Notice:  Trying to access array offset on value of type bool in /var/www/html/memo/action/select.php on line 23
[29-Mar-2021 14:09:40 Asia/Tokyo] PHP Notice:  Trying to access array offset on value of type bool in /var/www/html/memo/action/select.php on line 24
[29-Mar-2021 14:09:43 Asia/Tokyo] PHP Notice:  Trying to access array offset on value of type bool in /var/www/html/memo/action/select.php on line 22
[29-Mar-2021 14:09:43 Asia/Tokyo] PHP Notice:  Trying to access array offset on value of type bool in /var/www/html/memo/action/select.php on line 23
[29-Mar-2021 14:09:43 Asia/Tokyo] PHP Notice:  Trying to access array offset on value of type bool in /var/www/html/memo/action/select.php on line 24
[29-Mar-2021 14:09:43 Asia/Tokyo] PHP Notice:  Trying to access array offset on value of type bool in /var/www/html/memo/action/select.php on line 22
[29-Mar-2021 14:09:43 Asia/Tokyo] PHP Notice:  Trying to access array offset on value of type bool in /var/www/html/memo/action/select.php on line 23
[29-Mar-2021 14:09:43 Asia/Tokyo] PHP Notice:  Trying to access array offset on value of type bool in /var/www/html/memo/action/select.php on line 24
[29-Mar-2021 14:09:44 Asia/Tokyo] PHP Notice:  Trying to access array offset on value of type bool in /var/www/html/memo/action/select.php on line 22
[29-Mar-2021 14:09:44 Asia/Tokyo] PHP Notice:  Trying to access array offset on value of type bool in /var/www/html/memo/action/select.php on line 23
[29-Mar-2021 14:09:44 Asia/Tokyo] PHP Notice:  Trying to access array offset on value of type bool in /var/www/html/memo/action/select.php on line 24
[29-Mar-2021 14:11:23 Asia/Tokyo] PHP Notice:  Trying to access array offset on value of type bool in /var/www/html/memo/action/select.php on line 22
[29-Mar-2021 14:11:23 Asia/Tokyo] PHP Notice:  Trying to access array offset on value of type bool in /var/www/html/memo/action/select.php on line 23
[29-Mar-2021 14:11:23 Asia/Tokyo] PHP Notice:  Trying to access array offset on value of type bool in /var/www/html/memo/action/select.php on line 24
[29-Mar-2021 14:11:24 Asia/Tokyo] PHP Notice:  Trying to access array offset on value of type bool in /var/www/html/memo/action/select.php on line 22
[29-Mar-2021 14:11:24 Asia/Tokyo] PHP Notice:  Trying to access array offset on value of type bool in /var/www/html/memo/action/select.php on line 23
[29-Mar-2021 14:11:24 Asia/Tokyo] PHP Notice:  Trying to access array offset on value of type bool in /var/www/html/memo/action/select.php on line 24
[29-Mar-2021 14:11:26 Asia/Tokyo] PHP Notice:  Trying to access array offset on value of type bool in /var/www/html/memo/action/select.php on line 22
[29-Mar-2021 14:11:26 Asia/Tokyo] PHP Notice:  Trying to access array offset on value of type bool in /var/www/html/memo/action/select.php on line 23
[29-Mar-2021 14:11:26 Asia/Tokyo] PHP Notice:  Trying to access array offset on value of type bool in /var/www/html/memo/action/select.php on line 24
[29-Mar-2021 14:11:26 Asia/Tokyo] PHP Notice:  Trying to access array offset on value of type bool in /var/www/html/memo/action/select.php on line 22
[29-Mar-2021 14:11:26 Asia/Tokyo] PHP Notice:  Trying to access array offset on value of type bool in /var/www/html/memo/action/select.php on line 23
[29-Mar-2021 14:11:26 Asia/Tokyo] PHP Notice:  Trying to access array offset on value of type bool in /var/www/html/memo/action/select.php on line 24
[29-Mar-2021 14:11:26 Asia/Tokyo] PHP Notice:  Trying to access array offset on value of type bool in /var/www/html/memo/action/select.php on line 22
[29-Mar-2021 14:11:26 Asia/Tokyo] PHP Notice:  Trying to access array offset on value of type bool in /var/www/html/memo/action/select.php on line 23
[29-Mar-2021 14:11:26 Asia/Tokyo] PHP Notice:  Trying to access array offset on value of type bool in /var/www/html/memo/action/select.php on line 24
[29-Mar-2021 14:11:27 Asia/Tokyo] PHP Notice:  Trying to access array offset on value of type bool in /var/www/html/memo/action/select.php on line 22
[29-Mar-2021 14:11:27 Asia/Tokyo] PHP Notice:  Trying to access array offset on value of type bool in /var/www/html/memo/action/select.php on line 23
[29-Mar-2021 14:11:27 Asia/Tokyo] PHP Notice:  Trying to access array offset on value of type bool in /var/www/html/memo/action/select.php on line 24
[29-Mar-2021 14:11:27 Asia/Tokyo] PHP Notice:  Trying to access array offset on value of type bool in /var/www/html/memo/action/select.php on line 22
[29-Mar-2021 14:11:27 Asia/Tokyo] PHP Notice:  Trying to access array offset on value of type bool in /var/www/html/memo/action/select.php on line 23
[29-Mar-2021 14:11:27 Asia/Tokyo] PHP Notice:  Trying to access array offset on value of type bool in /var/www/html/memo/action/select.php on line 24
[29-Mar-2021 14:11:27 Asia/Tokyo] PHP Notice:  Trying to access array offset on value of type bool in /var/www/html/memo/action/select.php on line 22
[29-Mar-2021 14:11:27 Asia/Tokyo] PHP Notice:  Trying to access array offset on value of type bool in /var/www/html/memo/action/select.php on line 23
[29-Mar-2021 14:11:27 Asia/Tokyo] PHP Notice:  Trying to access array offset on value of type bool in /var/www/html/memo/action/select.php on line 24
[29-Mar-2021 14:11:34 Asia/Tokyo] PHP Notice:  Trying to access array offset on value of type bool in /var/www/html/memo/action/select.php on line 22
[29-Mar-2021 14:11:34 Asia/Tokyo] PHP Notice:  Trying to access array offset on value of type bool in /var/www/html/memo/action/select.php on line 23
[29-Mar-2021 14:11:34 Asia/Tokyo] PHP Notice:  Trying to access array offset on value of type bool in /var/www/html/memo/action/select.php on line 24
[29-Mar-2021 14:11:35 Asia/Tokyo] PHP Notice:  Trying to access array offset on value of type bool in /var/www/html/memo/action/select.php on line 22
[29-Mar-2021 14:11:35 Asia/Tokyo] PHP Notice:  Trying to access array offset on value of type bool in /var/www/html/memo/action/select.php on line 23
[29-Mar-2021 14:11:35 Asia/Tokyo] PHP Notice:  Trying to access array offset on value of type bool in /var/www/html/memo/action/select.php on line 24
[29-Mar-2021 14:13:38 Asia/Tokyo] PHP Notice:  Trying to access array offset on value of type bool in /var/www/html/memo/action/select.php on line 22
[29-Mar-2021 14:13:38 Asia/Tokyo] PHP Notice:  Trying to access array offset on value of type bool in /var/www/html/memo/action/select.php on line 23
[29-Mar-2021 14:13:38 Asia/Tokyo] PHP Notice:  Trying to access array offset on value of type bool in /var/www/html/memo/action/select.php on line 24
[29-Mar-2021 14:13:38 Asia/Tokyo] PHP Notice:  Trying to access array offset on value of type bool in /var/www/html/memo/action/select.php on line 22
[29-Mar-2021 14:13:38 Asia/Tokyo] PHP Notice:  Trying to access array offset on value of type bool in /var/www/html/memo/action/select.php on line 23
[29-Mar-2021 14:13:38 Asia/Tokyo] PHP Notice:  Trying to access array offset on value of type bool in /var/www/html/memo/action/select.php on line 24
[29-Mar-2021 14:13:40 Asia/Tokyo] PHP Notice:  Trying to access array offset on value of type bool in /var/www/html/memo/action/select.php on line 22
[29-Mar-2021 14:13:40 Asia/Tokyo] PHP Notice:  Trying to access array offset on value of type bool in /var/www/html/memo/action/select.php on line 23
[29-Mar-2021 14:13:40 Asia/Tokyo] PHP Notice:  Trying to access array offset on value of type bool in /var/www/html/memo/action/select.php on line 24
[29-Mar-2021 14:22:30 Asia/Tokyo] PHP Notice:  Trying to access array offset on value of type bool in /var/www/html/memo/action/select.php on line 22
[29-Mar-2021 14:22:30 Asia/Tokyo] PHP Notice:  Trying to access array offset on value of type bool in /var/www/html/memo/action/select.php on line 23
[29-Mar-2021 14:22:30 Asia/Tokyo] PHP Notice:  Trying to access array offset on value of type bool in /var/www/html/memo/action/select.php on line 24
[29-Mar-2021 14:22:31 Asia/Tokyo] PHP Notice:  Trying to access array offset on value of type bool in /var/www/html/memo/action/select.php on line 22
[29-Mar-2021 14:22:31 Asia/Tokyo] PHP Notice:  Trying to access array offset on value of type bool in /var/www/html/memo/action/select.php on line 23
[29-Mar-2021 14:22:31 Asia/Tokyo] PHP Notice:  Trying to access array offset on value of type bool in /var/www/html/memo/action/select.php on line 24
[29-Mar-2021 14:22:32 Asia/Tokyo] PHP Notice:  Trying to access array offset on value of type bool in /var/www/html/memo/action/select.php on line 22
[29-Mar-2021 14:22:32 Asia/Tokyo] PHP Notice:  Trying to access array offset on value of type bool in /var/www/html/memo/action/select.php on line 23
[29-Mar-2021 14:22:32 Asia/Tokyo] PHP Notice:  Trying to access array offset on value of type bool in /var/www/html/memo/action/select.php on line 24
[29-Mar-2021 14:26:55 Asia/Tokyo] PHP Notice:  Trying to access array offset on value of type bool in /var/www/html/memo/action/select.php on line 22
[29-Mar-2021 14:26:55 Asia/Tokyo] PHP Notice:  Trying to access array offset on value of type bool in /var/www/html/memo/action/select.php on line 23
[29-Mar-2021 14:26:55 Asia/Tokyo] PHP Notice:  Trying to access array offset on value of type bool in /var/www/html/memo/action/select.php on line 24
[29-Mar-2021 14:26:56 Asia/Tokyo] PHP Notice:  Trying to access array offset on value of type bool in /var/www/html/memo/action/select.php on line 22
[29-Mar-2021 14:26:56 Asia/Tokyo] PHP Notice:  Trying to access array offset on value of type bool in /var/www/html/memo/action/select.php on line 23
[29-Mar-2021 14:26:56 Asia/Tokyo] PHP Notice:  Trying to access array offset on value of type bool in /var/www/html/memo/action/select.php on line 24
[29-Mar-2021 14:26:56 Asia/Tokyo] PHP Notice:  Trying to access array offset on value of type bool in /var/www/html/memo/action/select.php on line 22
[29-Mar-2021 14:26:56 Asia/Tokyo] PHP Notice:  Trying to access array offset on value of type bool in /var/www/html/memo/action/select.php on line 23
[29-Mar-2021 14:26:56 Asia/Tokyo] PHP Notice:  Trying to access array offset on value of type bool in /var/www/html/memo/action/select.php on line 24
[29-Mar-2021 14:32:08 Asia/Tokyo] PHP Notice:  Trying to access array offset on value of type bool in /var/www/html/memo/action/select.php on line 22
[29-Mar-2021 14:32:08 Asia/Tokyo] PHP Notice:  Trying to access array offset on value of type bool in /var/www/html/memo/action/select.php on line 23
[29-Mar-2021 14:32:08 Asia/Tokyo] PHP Notice:  Trying to access array offset on value of type bool in /var/www/html/memo/action/select.php on line 24
[29-Mar-2021 14:32:54 Asia/Tokyo] PHP Notice:  Trying to access array offset on value of type bool in /var/www/html/memo/action/select.php on line 22
[29-Mar-2021 14:32:54 Asia/Tokyo] PHP Notice:  Trying to access array offset on value of type bool in /var/www/html/memo/action/select.php on line 23
[29-Mar-2021 14:32:54 Asia/Tokyo] PHP Notice:  Trying to access array offset on value of type bool in /var/www/html/memo/action/select.php on line 24
[29-Mar-2021 14:33:47 Asia/Tokyo] PHP Notice:  Trying to access array offset on value of type bool in /var/www/html/memo/action/select.php on line 22
[29-Mar-2021 14:33:47 Asia/Tokyo] PHP Notice:  Trying to access array offset on value of type bool in /var/www/html/memo/action/select.php on line 23
[29-Mar-2021 14:33:47 Asia/Tokyo] PHP Notice:  Trying to access array offset on value of type bool in /var/www/html/memo/action/select.php on line 24
[29-Mar-2021 14:43:21 Asia/Tokyo] PHP Notice:  Trying to access array offset on value of type bool in /var/www/html/memo/action/select.php on line 22
[29-Mar-2021 14:43:21 Asia/Tokyo] PHP Notice:  Trying to access array offset on value of type bool in /var/www/html/memo/action/select.php on line 23
[29-Mar-2021 14:43:21 Asia/Tokyo] PHP Notice:  Trying to access array offset on value of type bool in /var/www/html/memo/action/select.php on line 24
[29-Mar-2021 14:43:24 Asia/Tokyo] PHP Notice:  Trying to access array offset on value of type bool in /var/www/html/memo/action/select.php on line 22
[29-Mar-2021 14:43:24 Asia/Tokyo] PHP Notice:  Trying to access array offset on value of type bool in /var/www/html/memo/action/select.php on line 23
[29-Mar-2021 14:43:24 Asia/Tokyo] PHP Notice:  Trying to access array offset on value of type bool in /var/www/html/memo/action/select.php on line 24
[29-Mar-2021 14:43:38 Asia/Tokyo] PHP Notice:  Trying to access array offset on value of type bool in /var/www/html/memo/action/select.php on line 22
[29-Mar-2021 14:43:38 Asia/Tokyo] PHP Notice:  Trying to access array offset on value of type bool in /var/www/html/memo/action/select.php on line 23
[29-Mar-2021 14:43:38 Asia/Tokyo] PHP Notice:  Trying to access array offset on value of type bool in /var/www/html/memo/action/select.php on line 24
[29-Mar-2021 14:43:38 Asia/Tokyo] PHP Notice:  Trying to access array offset on value of type bool in /var/www/html/memo/action/select.php on line 22
[29-Mar-2021 14:43:38 Asia/Tokyo] PHP Notice:  Trying to access array offset on value of type bool in /var/www/html/memo/action/select.php on line 23
[29-Mar-2021 14:43:39 Asia/Tokyo] PHP Notice:  Trying to access array offset on value of type bool in /var/www/html/memo/action/select.php on line 24
[29-Mar-2021 14:43:40 Asia/Tokyo] PHP Notice:  Trying to access array offset on value of type bool in /var/www/html/memo/action/select.php on line 22
[29-Mar-2021 14:43:40 Asia/Tokyo] PHP Notice:  Trying to access array offset on value of type bool in /var/www/html/memo/action/select.php on line 23
[29-Mar-2021 14:43:40 Asia/Tokyo] PHP Notice:  Trying to access array offset on value of type bool in /var/www/html/memo/action/select.php on line 24
[29-Mar-2021 14:44:22 Asia/Tokyo] PHP Parse error:  syntax error, unexpected '' (T_ENCAPSED_AND_WHITESPACE), expecting '-' or identifier (T_STRING) or variable (T_VARIABLE) or number (T_NUM_STRING) in /var/www/html/memo/index.php on line 67
[29-Mar-2021 14:45:02 Asia/Tokyo] PHP Notice:  Trying to access array offset on value of type bool in /var/www/html/memo/action/select.php on line 22
[29-Mar-2021 14:45:02 Asia/Tokyo] PHP Notice:  Trying to access array offset on value of type bool in /var/www/html/memo/action/select.php on line 23
[29-Mar-2021 14:45:02 Asia/Tokyo] PHP Notice:  Trying to access array offset on value of type bool in /var/www/html/memo/action/select.php on line 24
[29-Mar-2021 14:45:03 Asia/Tokyo] PHP Notice:  Trying to access array offset on value of type bool in /var/www/html/memo/action/select.php on line 22
[29-Mar-2021 14:45:03 Asia/Tokyo] PHP Notice:  Trying to access array offset on value of type bool in /var/www/html/memo/action/select.php on line 23
[29-Mar-2021 14:45:03 Asia/Tokyo] PHP Notice:  Trying to access array offset on value of type bool in /var/www/html/memo/action/select.php on line 24
[29-Mar-2021 14:45:05 Asia/Tokyo] PHP Notice:  Trying to access array offset on value of type bool in /var/www/html/memo/action/select.php on line 22
[29-Mar-2021 14:45:05 Asia/Tokyo] PHP Notice:  Trying to access array offset on value of type bool in /var/www/html/memo/action/select.php on line 23
[29-Mar-2021 14:45:05 Asia/Tokyo] PHP Notice:  Trying to access array offset on value of type bool in /var/www/html/memo/action/select.php on line 24
[29-Mar-2021 14:45:26 Asia/Tokyo] PHP Notice:  Trying to access array offset on value of type bool in /var/www/html/memo/action/select.php on line 22
[29-Mar-2021 14:45:26 Asia/Tokyo] PHP Notice:  Trying to access array offset on value of type bool in /var/www/html/memo/action/select.php on line 23
[29-Mar-2021 14:45:26 Asia/Tokyo] PHP Notice:  Trying to access array offset on value of type bool in /var/www/html/memo/action/select.php on line 24
[29-Mar-2021 14:46:00 Asia/Tokyo] PHP Notice:  Trying to access array offset on value of type bool in /var/www/html/memo/action/select.php on line 22
[29-Mar-2021 14:46:00 Asia/Tokyo] PHP Notice:  Trying to access array offset on value of type bool in /var/www/html/memo/action/select.php on line 23
[29-Mar-2021 14:46:00 Asia/Tokyo] PHP Notice:  Trying to access array offset on value of type bool in /var/www/html/memo/action/select.php on line 24
[29-Mar-2021 14:46:01 Asia/Tokyo] PHP Notice:  Trying to access array offset on value of type bool in /var/www/html/memo/action/select.php on line 22
[29-Mar-2021 14:46:01 Asia/Tokyo] PHP Notice:  Trying to access array offset on value of type bool in /var/www/html/memo/action/select.php on line 23
[29-Mar-2021 14:46:01 Asia/Tokyo] PHP Notice:  Trying to access array offset on value of type bool in /var/www/html/memo/action/select.php on line 24
[29-Mar-2021 14:46:49 Asia/Tokyo] PHP Notice:  Trying to access array offset on value of type bool in /var/www/html/memo/action/select.php on line 22
[29-Mar-2021 14:46:49 Asia/Tokyo] PHP Notice:  Trying to access array offset on value of type bool in /var/www/html/memo/action/select.php on line 23
[29-Mar-2021 14:46:49 Asia/Tokyo] PHP Notice:  Trying to access array offset on value of type bool in /var/www/html/memo/action/select.php on line 24
[29-Mar-2021 14:46:49 Asia/Tokyo] PHP Notice:  Trying to access array offset on value of type bool in /var/www/html/memo/action/select.php on line 22
[29-Mar-2021 14:46:49 Asia/Tokyo] PHP Notice:  Trying to access array offset on value of type bool in /var/www/html/memo/action/select.php on line 23
[29-Mar-2021 14:46:49 Asia/Tokyo] PHP Notice:  Trying to access array offset on value of type bool in /var/www/html/memo/action/select.php on line 24
[29-Mar-2021 14:48:07 Asia/Tokyo] PHP Notice:  Trying to access array offset on value of type bool in /var/www/html/memo/action/select.php on line 22
[29-Mar-2021 14:48:07 Asia/Tokyo] PHP Notice:  Trying to access array offset on value of type bool in /var/www/html/memo/action/select.php on line 23
[29-Mar-2021 14:48:07 Asia/Tokyo] PHP Notice:  Trying to access array offset on value of type bool in /var/www/html/memo/action/select.php on line 24
[29-Mar-2021 14:48:08 Asia/Tokyo] PHP Notice:  Trying to access array offset on value of type bool in /var/www/html/memo/action/select.php on line 22
[29-Mar-2021 14:48:08 Asia/Tokyo] PHP Notice:  Trying to access array offset on value of type bool in /var/www/html/memo/action/select.php on line 23
[29-Mar-2021 14:48:08 Asia/Tokyo] PHP Notice:  Trying to access array offset on value of type bool in /var/www/html/memo/action/select.php on line 24
[29-Mar-2021 14:48:08 Asia/Tokyo] PHP Notice:  Trying to access array offset on value of type bool in /var/www/html/memo/action/select.php on line 22
[29-Mar-2021 14:48:08 Asia/Tokyo] PHP Notice:  Trying to access array offset on value of type bool in /var/www/html/memo/action/select.php on line 23
[29-Mar-2021 14:48:08 Asia/Tokyo] PHP Notice:  Trying to access array offset on value of type bool in /var/www/html/memo/action/select.php on line 24
[29-Mar-2021 14:55:31 Asia/Tokyo] PHP Notice:  Trying to access array offset on value of type bool in /var/www/html/memo/action/select.php on line 22
[29-Mar-2021 14:55:31 Asia/Tokyo] PHP Notice:  Trying to access array offset on value of type bool in /var/www/html/memo/action/select.php on line 23
[29-Mar-2021 14:55:31 Asia/Tokyo] PHP Notice:  Trying to access array offset on value of type bool in /var/www/html/memo/action/select.php on line 24
[29-Mar-2021 14:55:31 Asia/Tokyo] PHP Notice:  Trying to access array offset on value of type bool in /var/www/html/memo/action/select.php on line 22
[29-Mar-2021 14:55:31 Asia/Tokyo] PHP Notice:  Trying to access array offset on value of type bool in /var/www/html/memo/action/select.php on line 23
[29-Mar-2021 14:55:31 Asia/Tokyo] PHP Notice:  Trying to access array offset on value of type bool in /var/www/html/memo/action/select.php on line 24
[29-Mar-2021 14:55:32 Asia/Tokyo] PHP Notice:  Trying to access array offset on value of type bool in /var/www/html/memo/action/select.php on line 22
[29-Mar-2021 14:55:32 Asia/Tokyo] PHP Notice:  Trying to access array offset on value of type bool in /var/www/html/memo/action/select.php on line 23
[29-Mar-2021 14:55:32 Asia/Tokyo] PHP Notice:  Trying to access array offset on value of type bool in /var/www/html/memo/action/select.php on line 24
[29-Mar-2021 14:55:33 Asia/Tokyo] PHP Notice:  Trying to access array offset on value of type bool in /var/www/html/memo/action/select.php on line 22
[29-Mar-2021 14:55:33 Asia/Tokyo] PHP Notice:  Trying to access array offset on value of type bool in /var/www/html/memo/action/select.php on line 23
[29-Mar-2021 14:55:33 Asia/Tokyo] PHP Notice:  Trying to access array offset on value of type bool in /var/www/html/memo/action/select.php on line 24
[29-Mar-2021 14:55:52 Asia/Tokyo] PHP Notice:  Trying to access array offset on value of type bool in /var/www/html/memo/action/select.php on line 22
[29-Mar-2021 14:55:52 Asia/Tokyo] PHP Notice:  Trying to access array offset on value of type bool in /var/www/html/memo/action/select.php on line 23
[29-Mar-2021 14:55:52 Asia/Tokyo] PHP Notice:  Trying to access array offset on value of type bool in /var/www/html/memo/action/select.php on line 24
[29-Mar-2021 14:55:53 Asia/Tokyo] PHP Notice:  Trying to access array offset on value of type bool in /var/www/html/memo/action/select.php on line 22
[29-Mar-2021 14:55:53 Asia/Tokyo] PHP Notice:  Trying to access array offset on value of type bool in /var/www/html/memo/action/select.php on line 23
[29-Mar-2021 14:55:53 Asia/Tokyo] PHP Notice:  Trying to access array offset on value of type bool in /var/www/html/memo/action/select.php on line 24
[29-Mar-2021 14:55:54 Asia/Tokyo] PHP Notice:  Trying to access array offset on value of type bool in /var/www/html/memo/action/select.php on line 22
[29-Mar-2021 14:55:54 Asia/Tokyo] PHP Notice:  Trying to access array offset on value of type bool in /var/www/html/memo/action/select.php on line 23
[29-Mar-2021 14:55:54 Asia/Tokyo] PHP Notice:  Trying to access array offset on value of type bool in /var/www/html/memo/action/select.php on line 24
[29-Mar-2021 14:55:54 Asia/Tokyo] PHP Notice:  Trying to access array offset on value of type bool in /var/www/html/memo/action/select.php on line 22
[29-Mar-2021 14:55:54 Asia/Tokyo] PHP Notice:  Trying to access array offset on value of type bool in /var/www/html/memo/action/select.php on line 23
[29-Mar-2021 14:55:54 Asia/Tokyo] PHP Notice:  Trying to access array offset on value of type bool in /var/www/html/memo/action/select.php on line 24
[29-Mar-2021 14:55:55 Asia/Tokyo] PHP Notice:  Trying to access array offset on value of type bool in /var/www/html/memo/action/select.php on line 22
[29-Mar-2021 14:55:55 Asia/Tokyo] PHP Notice:  Trying to access array offset on value of type bool in /var/www/html/memo/action/select.php on line 23
[29-Mar-2021 14:55:55 Asia/Tokyo] PHP Notice:  Trying to access array offset on value of type bool in /var/www/html/memo/action/select.php on line 24
[29-Mar-2021 14:59:40 Asia/Tokyo] PHP Notice:  Trying to access array offset on value of type bool in /var/www/html/memo/action/select.php on line 22
[29-Mar-2021 14:59:40 Asia/Tokyo] PHP Notice:  Trying to access array offset on value of type bool in /var/www/html/memo/action/select.php on line 23
[29-Mar-2021 14:59:40 Asia/Tokyo] PHP Notice:  Trying to access array offset on value of type bool in /var/www/html/memo/action/select.php on line 24
[29-Mar-2021 14:59:41 Asia/Tokyo] PHP Notice:  Trying to access array offset on value of type bool in /var/www/html/memo/action/select.php on line 22
[29-Mar-2021 14:59:41 Asia/Tokyo] PHP Notice:  Trying to access array offset on value of type bool in /var/www/html/memo/action/select.php on line 23
[29-Mar-2021 14:59:41 Asia/Tokyo] PHP Notice:  Trying to access array offset on value of type bool in /var/www/html/memo/action/select.php on line 24
[29-Mar-2021 14:59:42 Asia/Tokyo] PHP Notice:  Trying to access array offset on value of type bool in /var/www/html/memo/action/select.php on line 22
[29-Mar-2021 14:59:42 Asia/Tokyo] PHP Notice:  Trying to access array offset on value of type bool in /var/www/html/memo/action/select.php on line 23
[29-Mar-2021 14:59:42 Asia/Tokyo] PHP Notice:  Trying to access array offset on value of type bool in /var/www/html/memo/action/select.php on line 24
[29-Mar-2021 14:59:43 Asia/Tokyo] PHP Notice:  Trying to access array offset on value of type bool in /var/www/html/memo/action/select.php on line 22
[29-Mar-2021 14:59:43 Asia/Tokyo] PHP Notice:  Trying to access array offset on value of type bool in /var/www/html/memo/action/select.php on line 23
[29-Mar-2021 14:59:43 Asia/Tokyo] PHP Notice:  Trying to access array offset on value of type bool in /var/www/html/memo/action/select.php on line 24
[29-Mar-2021 14:59:43 Asia/Tokyo] PHP Notice:  Trying to access array offset on value of type bool in /var/www/html/memo/action/select.php on line 22
[29-Mar-2021 14:59:43 Asia/Tokyo] PHP Notice:  Trying to access array offset on value of type bool in /var/www/html/memo/action/select.php on line 23
[29-Mar-2021 14:59:43 Asia/Tokyo] PHP Notice:  Trying to access array offset on value of type bool in /var/www/html/memo/action/select.php on line 24
[29-Mar-2021 15:31:20 Asia/Tokyo] PHP Notice:  Only variables should be passed by reference in /var/www/html/memo/action/update.php on line 20
[29-Mar-2021 15:31:20 Asia/Tokyo] PHP Notice:  Only variables should be passed by reference in /var/www/html/memo/action/update.php on line 21
[29-Mar-2021 15:31:20 Asia/Tokyo] PHP Warning:  PDOStatement::execute(): SQLSTATE[HY093]: Invalid parameter number: number of bound variables does not match number of tokens in /var/www/html/memo/action/update.php on line 29
[29-Mar-2021 15:31:20 Asia/Tokyo] PHP Notice:  Trying to access array offset on value of type bool in /var/www/html/memo/action/update.php on line 33
[29-Mar-2021 15:31:20 Asia/Tokyo] PHP Notice:  Trying to access array offset on value of type bool in /var/www/html/memo/action/update.php on line 34
[29-Mar-2021 15:31:20 Asia/Tokyo] PHP Notice:  Trying to access array offset on value of type bool in /var/www/html/memo/action/update.php on line 35
[29-Mar-2021 15:31:37 Asia/Tokyo] PHP Notice:  Only variables should be passed by reference in /var/www/html/memo/action/update.php on line 20
[29-Mar-2021 15:31:37 Asia/Tokyo] PHP Notice:  Only variables should be passed by reference in /var/www/html/memo/action/update.php on line 21
[29-Mar-2021 15:31:37 Asia/Tokyo] PHP Warning:  PDOStatement::execute(): SQLSTATE[HY093]: Invalid parameter number: number of bound variables does not match number of tokens in /var/www/html/memo/action/update.php on line 29
[29-Mar-2021 15:31:37 Asia/Tokyo] PHP Notice:  Trying to access array offset on value of type bool in /var/www/html/memo/action/update.php on line 33
[29-Mar-2021 15:31:37 Asia/Tokyo] PHP Notice:  Trying to access array offset on value of type bool in /var/www/html/memo/action/update.php on line 34
[29-Mar-2021 15:31:37 Asia/Tokyo] PHP Notice:  Trying to access array offset on value of type bool in /var/www/html/memo/action/update.php on line 35
