2021-03-22T13:36:49.308747Z 0 [Warning] TIMESTAMP with implicit DEFAULT value is deprecated. Please use --explicit_defaults_for_timestamp server option (see documentation for more details).
2021-03-22T13:36:49.344503Z 0 [Warning] Setting lower_case_table_names=2 because file system for /var/lib/mysql/ is case insensitive
2021-03-22T13:36:53.405189Z 0 [Warning] InnoDB: New log files created, LSN=45790
2021-03-22T13:36:53.974148Z 0 [Warning] InnoDB: Creating foreign key constraint system tables.
2021-03-22T13:36:54.073392Z 0 [Warning] No existing UUID has been found, so we assume that this is the first time that this server has been started. Generating a new UUID: aa2e50bf-8b13-11eb-8d0e-0242ac160002.
2021-03-22T13:36:54.081254Z 0 [Warning] Gtid table is not ready to be used. Table 'mysql.gtid_executed' cannot be opened.
2021-03-22T13:36:54.913101Z 0 [Warning] CA certificate ca.pem is self signed.
2021-03-22T13:36:55.285994Z 1 [Warning] root@localhost is created with an empty password ! Please consider switching off the --initialize-insecure option.
2021-03-22T13:37:11.739081Z 0 [Warning] TIMESTAMP with implicit DEFAULT value is deprecated. Please use --explicit_defaults_for_timestamp server option (see documentation for more details).
2021-03-22T13:37:11.750794Z 0 [Note] mysqld (mysqld 5.7.33) starting as process 81 ...
2021-03-22T13:37:11.761408Z 0 [Warning] Setting lower_case_table_names=2 because file system for /var/lib/mysql/ is case insensitive
2021-03-22T13:37:11.774610Z 0 [Note] InnoDB: PUNCH HOLE support available
2021-03-22T13:37:11.776137Z 0 [Note] InnoDB: Mutexes and rw_locks use GCC atomic builtins
2021-03-22T13:37:11.777466Z 0 [Note] InnoDB: Uses event mutexes
2021-03-22T13:37:11.778744Z 0 [Note] InnoDB: GCC builtin __atomic_thread_fence() is used for memory barrier
2021-03-22T13:37:11.780470Z 0 [Note] InnoDB: Compressed tables use zlib 1.2.11
2021-03-22T13:37:11.782102Z 0 [Note] InnoDB: Using Linux native AIO
2021-03-22T13:37:11.785343Z 0 [Note] InnoDB: Number of pools: 1
2021-03-22T13:37:11.788408Z 0 [Note] InnoDB: Using CPU crc32 instructions
2021-03-22T13:37:11.794680Z 0 [Note] InnoDB: Initializing buffer pool, total size = 128M, instances = 1, chunk size = 128M
2021-03-22T13:37:11.825325Z 0 [Note] InnoDB: Completed initialization of buffer pool
2021-03-22T13:37:11.844696Z 0 [Note] InnoDB: If the mysqld execution user is authorized, page cleaner thread priority can be changed. See the man page of setpriority().
2021-03-22T13:37:11.950600Z 0 [Note] InnoDB: Highest supported file format is Barracuda.
2021-03-22T13:37:12.142533Z 0 [Note] InnoDB: Creating shared tablespace for temporary tables
2021-03-22T13:37:12.148058Z 0 [Note] InnoDB: Setting file './ibtmp1' size to 12 MB. Physically writing the file full; Please wait ...
2021-03-22T13:37:12.383942Z 0 [Note] InnoDB: File './ibtmp1' size is now 12 MB.
2021-03-22T13:37:12.392745Z 0 [Note] InnoDB: 96 redo rollback segment(s) found. 96 redo rollback segment(s) are active.
2021-03-22T13:37:12.393617Z 0 [Note] InnoDB: 32 non-redo rollback segment(s) are active.
2021-03-22T13:37:12.396580Z 0 [Note] InnoDB: Waiting for purge to start
2021-03-22T13:37:12.452882Z 0 [Note] InnoDB: 5.7.33 started; log sequence number 2747895
2021-03-22T13:37:12.455388Z 0 [Note] InnoDB: Loading buffer pool(s) from /var/lib/mysql/ib_buffer_pool
2021-03-22T13:37:12.456009Z 0 [Note] Plugin 'FEDERATED' is disabled.
2021-03-22T13:37:12.522955Z 0 [Note] Found ca.pem, server-cert.pem and server-key.pem in data directory. Trying to enable SSL support using them.
2021-03-22T13:37:12.524197Z 0 [Note] Skipping generation of SSL certificates as certificate files are present in data directory.
2021-03-22T13:37:12.538210Z 0 [Warning] CA certificate ca.pem is self signed.
2021-03-22T13:37:12.539803Z 0 [Note] Skipping generation of RSA key pair as key files are present in data directory.
2021-03-22T13:37:12.551431Z 0 [Note] InnoDB: Buffer pool(s) load completed at 210322 22:37:12
2021-03-22T13:37:12.622823Z 0 [Warning] Insecure configuration for --pid-file: Location '/var/run/mysqld' in the path is accessible to all OS users. Consider choosing a different directory.
2021-03-22T13:37:14.057772Z 0 [Note] Event Scheduler: Loaded 0 events
2021-03-22T13:37:14.059651Z 0 [Note] mysqld: ready for connections.
Version: '5.7.33'  socket: '/var/run/mysqld/mysqld.sock'  port: 0  MySQL Community Server (GPL)
2021-03-22T13:37:21.463292Z 0 [Note] Giving 0 client threads a chance to die gracefully
2021-03-22T13:37:21.464678Z 0 [Note] Shutting down slave threads
2021-03-22T13:37:21.465754Z 0 [Note] Forcefully disconnecting 0 remaining clients
2021-03-22T13:37:21.466594Z 0 [Note] Event Scheduler: Purging the queue. 0 events
2021-03-22T13:37:21.467654Z 0 [Note] Binlog end
2021-03-22T13:37:21.472326Z 0 [Note] Shutting down plugin 'ngram'
2021-03-22T13:37:21.473713Z 0 [Note] Shutting down plugin 'partition'
2021-03-22T13:37:21.474765Z 0 [Note] Shutting down plugin 'BLACKHOLE'
2021-03-22T13:37:21.476097Z 0 [Note] Shutting down plugin 'ARCHIVE'
2021-03-22T13:37:21.477414Z 0 [Note] Shutting down plugin 'PERFORMANCE_SCHEMA'
2021-03-22T13:37:21.478561Z 0 [Note] Shutting down plugin 'MRG_MYISAM'
2021-03-22T13:37:21.479541Z 0 [Note] Shutting down plugin 'MyISAM'
2021-03-22T13:37:21.481111Z 0 [Note] Shutting down plugin 'INNODB_SYS_VIRTUAL'
2021-03-22T13:37:21.482792Z 0 [Note] Shutting down plugin 'INNODB_SYS_DATAFILES'
2021-03-22T13:37:21.484033Z 0 [Note] Shutting down plugin 'INNODB_SYS_TABLESPACES'
2021-03-22T13:37:21.485211Z 0 [Note] Shutting down plugin 'INNODB_SYS_FOREIGN_COLS'
2021-03-22T13:37:21.486195Z 0 [Note] Shutting down plugin 'INNODB_SYS_FOREIGN'
2021-03-22T13:37:21.487364Z 0 [Note] Shutting down plugin 'INNODB_SYS_FIELDS'
2021-03-22T13:37:21.488496Z 0 [Note] Shutting down plugin 'INNODB_SYS_COLUMNS'
2021-03-22T13:37:21.489487Z 0 [Note] Shutting down plugin 'INNODB_SYS_INDEXES'
2021-03-22T13:37:21.490391Z 0 [Note] Shutting down plugin 'INNODB_SYS_TABLESTATS'
2021-03-22T13:37:21.491174Z 0 [Note] Shutting down plugin 'INNODB_SYS_TABLES'
2021-03-22T13:37:21.492268Z 0 [Note] Shutting down plugin 'INNODB_FT_INDEX_TABLE'
2021-03-22T13:37:21.493697Z 0 [Note] Shutting down plugin 'INNODB_FT_INDEX_CACHE'
2021-03-22T13:37:21.494727Z 0 [Note] Shutting down plugin 'INNODB_FT_CONFIG'
2021-03-22T13:37:21.495592Z 0 [Note] Shutting down plugin 'INNODB_FT_BEING_DELETED'
2021-03-22T13:37:21.496558Z 0 [Note] Shutting down plugin 'INNODB_FT_DELETED'
2021-03-22T13:37:21.497475Z 0 [Note] Shutting down plugin 'INNODB_FT_DEFAULT_STOPWORD'
2021-03-22T13:37:21.498508Z 0 [Note] Shutting down plugin 'INNODB_METRICS'
2021-03-22T13:37:21.499795Z 0 [Note] Shutting down plugin 'INNODB_TEMP_TABLE_INFO'
2021-03-22T13:37:21.500920Z 0 [Note] Shutting down plugin 'INNODB_BUFFER_POOL_STATS'
2021-03-22T13:37:21.501840Z 0 [Note] Shutting down plugin 'INNODB_BUFFER_PAGE_LRU'
2021-03-22T13:37:21.502966Z 0 [Note] Shutting down plugin 'INNODB_BUFFER_PAGE'
2021-03-22T13:37:21.503784Z 0 [Note] Shutting down plugin 'INNODB_CMP_PER_INDEX_RESET'
2021-03-22T13:37:21.505818Z 0 [Note] Shutting down plugin 'INNODB_CMP_PER_INDEX'
2021-03-22T13:37:21.506711Z 0 [Note] Shutting down plugin 'INNODB_CMPMEM_RESET'
2021-03-22T13:37:21.507611Z 0 [Note] Shutting down plugin 'INNODB_CMPMEM'
2021-03-22T13:37:21.508558Z 0 [Note] Shutting down plugin 'INNODB_CMP_RESET'
2021-03-22T13:37:21.509772Z 0 [Note] Shutting down plugin 'INNODB_CMP'
2021-03-22T13:37:21.510743Z 0 [Note] Shutting down plugin 'INNODB_LOCK_WAITS'
2021-03-22T13:37:21.511853Z 0 [Note] Shutting down plugin 'INNODB_LOCKS'
2021-03-22T13:37:21.513005Z 0 [Note] Shutting down plugin 'INNODB_TRX'
2021-03-22T13:37:21.514272Z 0 [Note] Shutting down plugin 'InnoDB'
2021-03-22T13:37:21.515799Z 0 [Note] InnoDB: FTS optimize thread exiting.
2021-03-22T13:37:21.517073Z 0 [Note] InnoDB: Starting shutdown...
2021-03-22T13:37:21.620391Z 0 [Note] InnoDB: Dumping buffer pool(s) to /var/lib/mysql/ib_buffer_pool
2021-03-22T13:37:21.627460Z 0 [Note] InnoDB: Buffer pool(s) dump completed at 210322 22:37:21
2021-03-22T13:37:23.457908Z 0 [Note] InnoDB: Shutdown completed; log sequence number 12665518
2021-03-22T13:37:23.461449Z 0 [Note] InnoDB: Removed temporary tablespace data file: "ibtmp1"
2021-03-22T13:37:23.465756Z 0 [Note] Shutting down plugin 'MEMORY'
2021-03-22T13:37:23.466673Z 0 [Note] Shutting down plugin 'CSV'
2021-03-22T13:37:23.467315Z 0 [Note] Shutting down plugin 'sha256_password'
2021-03-22T13:37:23.467909Z 0 [Note] Shutting down plugin 'mysql_native_password'
2021-03-22T13:37:23.468569Z 0 [Note] Shutting down plugin 'binlog'
2021-03-22T13:37:23.471620Z 0 [Note] mysqld: Shutdown complete

2021-03-22T13:37:24.682767Z 0 [Warning] TIMESTAMP with implicit DEFAULT value is deprecated. Please use --explicit_defaults_for_timestamp server option (see documentation for more details).
2021-03-22T13:37:24.690450Z 0 [Note] mysqld (mysqld 5.7.33) starting as process 1 ...
2021-03-22T13:37:24.697058Z 0 [Warning] Setting lower_case_table_names=2 because file system for /var/lib/mysql/ is case insensitive
2021-03-22T13:37:24.702940Z 0 [Note] InnoDB: PUNCH HOLE support available
2021-03-22T13:37:24.703902Z 0 [Note] InnoDB: Mutexes and rw_locks use GCC atomic builtins
2021-03-22T13:37:24.704618Z 0 [Note] InnoDB: Uses event mutexes
2021-03-22T13:37:24.705362Z 0 [Note] InnoDB: GCC builtin __atomic_thread_fence() is used for memory barrier
2021-03-22T13:37:24.706233Z 0 [Note] InnoDB: Compressed tables use zlib 1.2.11
2021-03-22T13:37:24.706795Z 0 [Note] InnoDB: Using Linux native AIO
2021-03-22T13:37:24.707960Z 0 [Note] InnoDB: Number of pools: 1
2021-03-22T13:37:24.709116Z 0 [Note] InnoDB: Using CPU crc32 instructions
2021-03-22T13:37:24.711344Z 0 [Note] InnoDB: Initializing buffer pool, total size = 128M, instances = 1, chunk size = 128M
2021-03-22T13:37:24.722753Z 0 [Note] InnoDB: Completed initialization of buffer pool
2021-03-22T13:37:24.727460Z 0 [Note] InnoDB: If the mysqld execution user is authorized, page cleaner thread priority can be changed. See the man page of setpriority().
2021-03-22T13:37:24.799976Z 0 [Note] InnoDB: Highest supported file format is Barracuda.
2021-03-22T13:37:24.973977Z 0 [Note] InnoDB: Creating shared tablespace for temporary tables
2021-03-22T13:37:24.981326Z 0 [Note] InnoDB: Setting file './ibtmp1' size to 12 MB. Physically writing the file full; Please wait ...
2021-03-22T13:37:25.226483Z 0 [Note] InnoDB: File './ibtmp1' size is now 12 MB.
2021-03-22T13:37:25.240555Z 0 [Note] InnoDB: 96 redo rollback segment(s) found. 96 redo rollback segment(s) are active.
2021-03-22T13:37:25.242187Z 0 [Note] InnoDB: 32 non-redo rollback segment(s) are active.
2021-03-22T13:37:25.244633Z 0 [Note] InnoDB: Waiting for purge to start
2021-03-22T13:37:25.296049Z 0 [Note] InnoDB: 5.7.33 started; log sequence number 12665518
2021-03-22T13:37:25.298280Z 0 [Note] InnoDB: Loading buffer pool(s) from /var/lib/mysql/ib_buffer_pool
2021-03-22T13:37:25.298933Z 0 [Note] Plugin 'FEDERATED' is disabled.
2021-03-22T13:37:25.346691Z 0 [Note] Found ca.pem, server-cert.pem and server-key.pem in data directory. Trying to enable SSL support using them.
2021-03-22T13:37:25.353511Z 0 [Note] Skipping generation of SSL certificates as certificate files are present in data directory.
2021-03-22T13:37:25.364025Z 0 [Warning] CA certificate ca.pem is self signed.
2021-03-22T13:37:25.365495Z 0 [Note] Skipping generation of RSA key pair as key files are present in data directory.
2021-03-22T13:37:25.373299Z 0 [Note] Server hostname (bind-address): '*'; port: 3306
2021-03-22T13:37:25.376107Z 0 [Note] IPv6 is available.
2021-03-22T13:37:25.379076Z 0 [Note]   - '::' resolves to '::';
2021-03-22T13:37:25.381512Z 0 [Note] Server socket created on IP: '::'.
2021-03-22T13:37:25.388025Z 0 [Warning] Insecure configuration for --pid-file: Location '/var/run/mysqld' in the path is accessible to all OS users. Consider choosing a different directory.
2021-03-22T13:37:25.424667Z 0 [Note] InnoDB: Buffer pool(s) load completed at 210322 22:37:25
2021-03-22T13:37:25.819542Z 0 [Note] Event Scheduler: Loaded 0 events
2021-03-22T13:37:25.821434Z 0 [Note] mysqld: ready for connections.
Version: '5.7.33'  socket: '/var/run/mysqld/mysqld.sock'  port: 3306  MySQL Community Server (GPL)
2021-03-23T00:17:14.786129Z 0 [Note] Giving 0 client threads a chance to die gracefully
2021-03-23T00:17:14.787640Z 0 [Note] Shutting down slave threads
2021-03-23T00:17:14.788701Z 0 [Note] Forcefully disconnecting 0 remaining clients
2021-03-23T00:17:14.790028Z 0 [Note] Event Scheduler: Purging the queue. 0 events
2021-03-23T00:17:14.791783Z 0 [Note] Binlog end
2021-03-23T00:17:14.812450Z 0 [Note] Shutting down plugin 'ngram'
2021-03-23T00:17:14.813626Z 0 [Note] Shutting down plugin 'partition'
2021-03-23T00:17:14.814117Z 0 [Note] Shutting down plugin 'BLACKHOLE'
2021-03-23T00:17:14.814816Z 0 [Note] Shutting down plugin 'ARCHIVE'
2021-03-23T00:17:14.815240Z 0 [Note] Shutting down plugin 'PERFORMANCE_SCHEMA'
2021-03-23T00:17:14.816181Z 0 [Note] Shutting down plugin 'MRG_MYISAM'
2021-03-23T00:17:14.816596Z 0 [Note] Shutting down plugin 'MyISAM'
2021-03-23T00:17:14.817186Z 0 [Note] Shutting down plugin 'INNODB_SYS_VIRTUAL'
2021-03-23T00:17:14.817927Z 0 [Note] Shutting down plugin 'INNODB_SYS_DATAFILES'
2021-03-23T00:17:14.818400Z 0 [Note] Shutting down plugin 'INNODB_SYS_TABLESPACES'
2021-03-23T00:17:14.818831Z 0 [Note] Shutting down plugin 'INNODB_SYS_FOREIGN_COLS'
2021-03-23T00:17:14.819313Z 0 [Note] Shutting down plugin 'INNODB_SYS_FOREIGN'
2021-03-23T00:17:14.819639Z 0 [Note] Shutting down plugin 'INNODB_SYS_FIELDS'
2021-03-23T00:17:14.820161Z 0 [Note] Shutting down plugin 'INNODB_SYS_COLUMNS'
2021-03-23T00:17:14.820612Z 0 [Note] Shutting down plugin 'INNODB_SYS_INDEXES'
2021-03-23T00:17:14.821046Z 0 [Note] Shutting down plugin 'INNODB_SYS_TABLESTATS'
2021-03-23T00:17:14.821469Z 0 [Note] Shutting down plugin 'INNODB_SYS_TABLES'
2021-03-23T00:17:14.821849Z 0 [Note] Shutting down plugin 'INNODB_FT_INDEX_TABLE'
2021-03-23T00:17:14.822287Z 0 [Note] Shutting down plugin 'INNODB_FT_INDEX_CACHE'
2021-03-23T00:17:14.822829Z 0 [Note] Shutting down plugin 'INNODB_FT_CONFIG'
2021-03-23T00:17:14.823279Z 0 [Note] Shutting down plugin 'INNODB_FT_BEING_DELETED'
2021-03-23T00:17:14.823851Z 0 [Note] Shutting down plugin 'INNODB_FT_DELETED'
2021-03-23T00:17:14.824448Z 0 [Note] Shutting down plugin 'INNODB_FT_DEFAULT_STOPWORD'
2021-03-23T00:17:14.825679Z 0 [Note] Shutting down plugin 'INNODB_METRICS'
2021-03-23T00:17:14.826378Z 0 [Note] Shutting down plugin 'INNODB_TEMP_TABLE_INFO'
2021-03-23T00:17:14.826955Z 0 [Note] Shutting down plugin 'INNODB_BUFFER_POOL_STATS'
2021-03-23T00:17:14.827846Z 0 [Note] Shutting down plugin 'INNODB_BUFFER_PAGE_LRU'
2021-03-23T00:17:14.828624Z 0 [Note] Shutting down plugin 'INNODB_BUFFER_PAGE'
2021-03-23T00:17:14.829229Z 0 [Note] Shutting down plugin 'INNODB_CMP_PER_INDEX_RESET'
2021-03-23T00:17:14.829758Z 0 [Note] Shutting down plugin 'INNODB_CMP_PER_INDEX'
2021-03-23T00:17:14.830330Z 0 [Note] Shutting down plugin 'INNODB_CMPMEM_RESET'
2021-03-23T00:17:14.830807Z 0 [Note] Shutting down plugin 'INNODB_CMPMEM'
2021-03-23T00:17:14.831864Z 0 [Note] Shutting down plugin 'INNODB_CMP_RESET'
2021-03-23T00:17:14.852823Z 0 [Note] Shutting down plugin 'INNODB_CMP'
2021-03-23T00:17:14.853502Z 0 [Note] Shutting down plugin 'INNODB_LOCK_WAITS'
2021-03-23T00:17:14.853975Z 0 [Note] Shutting down plugin 'INNODB_LOCKS'
2021-03-23T00:17:14.854453Z 0 [Note] Shutting down plugin 'INNODB_TRX'
2021-03-23T00:17:14.854860Z 0 [Note] Shutting down plugin 'InnoDB'
2021-03-23T00:17:14.858601Z 0 [Note] InnoDB: FTS optimize thread exiting.
2021-03-23T00:17:14.859676Z 0 [Note] InnoDB: Starting shutdown...
2021-03-23T00:17:14.966028Z 0 [Note] InnoDB: Dumping buffer pool(s) to /var/lib/mysql/ib_buffer_pool
2021-03-23T00:17:14.979614Z 0 [Note] InnoDB: Buffer pool(s) dump completed at 210323  9:17:14
2021-03-23T00:17:16.522557Z 0 [Note] InnoDB: Shutdown completed; log sequence number 12665546
2021-03-23T00:17:16.530290Z 0 [Note] InnoDB: Removed temporary tablespace data file: "ibtmp1"
2021-03-23T00:17:16.531318Z 0 [Note] Shutting down plugin 'MEMORY'
2021-03-23T00:17:16.533163Z 0 [Note] Shutting down plugin 'CSV'
2021-03-23T00:17:16.534788Z 0 [Note] Shutting down plugin 'sha256_password'
2021-03-23T00:17:16.535749Z 0 [Note] Shutting down plugin 'mysql_native_password'
2021-03-23T00:17:16.547132Z 0 [Note] Shutting down plugin 'binlog'
2021-03-23T00:17:16.582653Z 0 [Note] mysqld: Shutdown complete

2021-03-23T00:32:16.845140Z 0 [Warning] TIMESTAMP with implicit DEFAULT value is deprecated. Please use --explicit_defaults_for_timestamp server option (see documentation for more details).
2021-03-23T00:32:16.859075Z 0 [Note] mysqld (mysqld 5.7.33) starting as process 1 ...
2021-03-23T00:32:16.873689Z 0 [Warning] Setting lower_case_table_names=2 because file system for /var/lib/mysql/ is case insensitive
2021-03-23T00:32:16.884182Z 0 [Note] InnoDB: PUNCH HOLE support available
2021-03-23T00:32:16.886529Z 0 [Note] InnoDB: Mutexes and rw_locks use GCC atomic builtins
2021-03-23T00:32:16.887489Z 0 [Note] InnoDB: Uses event mutexes
2021-03-23T00:32:16.888710Z 0 [Note] InnoDB: GCC builtin __atomic_thread_fence() is used for memory barrier
2021-03-23T00:32:16.889536Z 0 [Note] InnoDB: Compressed tables use zlib 1.2.11
2021-03-23T00:32:16.890320Z 0 [Note] InnoDB: Using Linux native AIO
2021-03-23T00:32:16.892002Z 0 [Note] InnoDB: Number of pools: 1
2021-03-23T00:32:16.893353Z 0 [Note] InnoDB: Using CPU crc32 instructions
2021-03-23T00:32:16.897723Z 0 [Note] InnoDB: Initializing buffer pool, total size = 128M, instances = 1, chunk size = 128M
2021-03-23T00:32:16.913021Z 0 [Note] InnoDB: Completed initialization of buffer pool
2021-03-23T00:32:16.924413Z 0 [Note] InnoDB: If the mysqld execution user is authorized, page cleaner thread priority can be changed. See the man page of setpriority().
2021-03-23T00:32:17.005891Z 0 [Note] InnoDB: Highest supported file format is Barracuda.
2021-03-23T00:32:18.185633Z 0 [Note] InnoDB: Creating shared tablespace for temporary tables
2021-03-23T00:32:18.197847Z 0 [Note] InnoDB: Setting file './ibtmp1' size to 12 MB. Physically writing the file full; Please wait ...
2021-03-23T00:32:18.455429Z 0 [Note] InnoDB: File './ibtmp1' size is now 12 MB.
2021-03-23T00:32:18.467550Z 0 [Note] InnoDB: 96 redo rollback segment(s) found. 96 redo rollback segment(s) are active.
2021-03-23T00:32:18.468694Z 0 [Note] InnoDB: 32 non-redo rollback segment(s) are active.
2021-03-23T00:32:18.470800Z 0 [Note] InnoDB: 5.7.33 started; log sequence number 12665546
2021-03-23T00:32:18.472266Z 0 [Note] InnoDB: Loading buffer pool(s) from /var/lib/mysql/ib_buffer_pool
2021-03-23T00:32:18.472374Z 0 [Note] Plugin 'FEDERATED' is disabled.
2021-03-23T00:32:18.576737Z 0 [Note] Found ca.pem, server-cert.pem and server-key.pem in data directory. Trying to enable SSL support using them.
2021-03-23T00:32:18.580033Z 0 [Note] Skipping generation of SSL certificates as certificate files are present in data directory.
2021-03-23T00:32:18.606285Z 0 [Warning] CA certificate ca.pem is self signed.
2021-03-23T00:32:18.609809Z 0 [Note] Skipping generation of RSA key pair as key files are present in data directory.
2021-03-23T00:32:18.625817Z 0 [Note] Server hostname (bind-address): '*'; port: 3306
2021-03-23T00:32:18.627244Z 0 [Note] IPv6 is available.
2021-03-23T00:32:18.628497Z 0 [Note]   - '::' resolves to '::';
2021-03-23T00:32:18.629669Z 0 [Note] Server socket created on IP: '::'.
2021-03-23T00:32:18.634329Z 0 [Warning] Insecure configuration for --pid-file: Location '/var/run/mysqld' in the path is accessible to all OS users. Consider choosing a different directory.
2021-03-23T00:32:18.641203Z 0 [Note] InnoDB: Buffer pool(s) load completed at 210323  9:32:18
2021-03-23T00:32:19.156813Z 0 [Note] Event Scheduler: Loaded 0 events
2021-03-23T00:32:19.159411Z 0 [Note] mysqld: ready for connections.
Version: '5.7.33'  socket: '/var/run/mysqld/mysqld.sock'  port: 3306  MySQL Community Server (GPL)
2021-03-23T03:22:08.833541Z 0 [Note] Giving 0 client threads a chance to die gracefully
2021-03-23T03:22:08.834670Z 0 [Note] Shutting down slave threads
2021-03-23T03:22:08.835352Z 0 [Note] Forcefully disconnecting 0 remaining clients
2021-03-23T03:22:08.835856Z 0 [Note] Event Scheduler: Purging the queue. 0 events
2021-03-23T03:22:08.836937Z 0 [Note] Binlog end
2021-03-23T03:22:08.839553Z 0 [Note] Shutting down plugin 'ngram'
2021-03-23T03:22:08.840358Z 0 [Note] Shutting down plugin 'partition'
2021-03-23T03:22:08.840773Z 0 [Note] Shutting down plugin 'BLACKHOLE'
2021-03-23T03:22:08.841115Z 0 [Note] Shutting down plugin 'ARCHIVE'
2021-03-23T03:22:08.841484Z 0 [Note] Shutting down plugin 'PERFORMANCE_SCHEMA'
2021-03-23T03:22:08.841881Z 0 [Note] Shutting down plugin 'MRG_MYISAM'
2021-03-23T03:22:08.842418Z 0 [Note] Shutting down plugin 'MyISAM'
2021-03-23T03:22:08.842924Z 0 [Note] Shutting down plugin 'INNODB_SYS_VIRTUAL'
2021-03-23T03:22:08.843234Z 0 [Note] Shutting down plugin 'INNODB_SYS_DATAFILES'
2021-03-23T03:22:08.843688Z 0 [Note] Shutting down plugin 'INNODB_SYS_TABLESPACES'
2021-03-23T03:22:08.844110Z 0 [Note] Shutting down plugin 'INNODB_SYS_FOREIGN_COLS'
2021-03-23T03:22:08.844806Z 0 [Note] Shutting down plugin 'INNODB_SYS_FOREIGN'
2021-03-23T03:22:08.845220Z 0 [Note] Shutting down plugin 'INNODB_SYS_FIELDS'
2021-03-23T03:22:08.845636Z 0 [Note] Shutting down plugin 'INNODB_SYS_COLUMNS'
2021-03-23T03:22:08.846109Z 0 [Note] Shutting down plugin 'INNODB_SYS_INDEXES'
2021-03-23T03:22:08.846476Z 0 [Note] Shutting down plugin 'INNODB_SYS_TABLESTATS'
2021-03-23T03:22:08.847004Z 0 [Note] Shutting down plugin 'INNODB_SYS_TABLES'
2021-03-23T03:22:08.847432Z 0 [Note] Shutting down plugin 'INNODB_FT_INDEX_TABLE'
2021-03-23T03:22:08.847844Z 0 [Note] Shutting down plugin 'INNODB_FT_INDEX_CACHE'
2021-03-23T03:22:08.848281Z 0 [Note] Shutting down plugin 'INNODB_FT_CONFIG'
2021-03-23T03:22:08.848669Z 0 [Note] Shutting down plugin 'INNODB_FT_BEING_DELETED'
2021-03-23T03:22:08.849091Z 0 [Note] Shutting down plugin 'INNODB_FT_DELETED'
2021-03-23T03:22:08.849565Z 0 [Note] Shutting down plugin 'INNODB_FT_DEFAULT_STOPWORD'
2021-03-23T03:22:08.850000Z 0 [Note] Shutting down plugin 'INNODB_METRICS'
2021-03-23T03:22:08.850410Z 0 [Note] Shutting down plugin 'INNODB_TEMP_TABLE_INFO'
2021-03-23T03:22:08.850802Z 0 [Note] Shutting down plugin 'INNODB_BUFFER_POOL_STATS'
2021-03-23T03:22:08.851193Z 0 [Note] Shutting down plugin 'INNODB_BUFFER_PAGE_LRU'
2021-03-23T03:22:08.851706Z 0 [Note] Shutting down plugin 'INNODB_BUFFER_PAGE'
2021-03-23T03:22:08.852177Z 0 [Note] Shutting down plugin 'INNODB_CMP_PER_INDEX_RESET'
2021-03-23T03:22:08.852659Z 0 [Note] Shutting down plugin 'INNODB_CMP_PER_INDEX'
2021-03-23T03:22:08.853447Z 0 [Note] Shutting down plugin 'INNODB_CMPMEM_RESET'
2021-03-23T03:22:08.854128Z 0 [Note] Shutting down plugin 'INNODB_CMPMEM'
2021-03-23T03:22:08.854903Z 0 [Note] Shutting down plugin 'INNODB_CMP_RESET'
2021-03-23T03:22:08.855453Z 0 [Note] Shutting down plugin 'INNODB_CMP'
2021-03-23T03:22:08.856062Z 0 [Note] Shutting down plugin 'INNODB_LOCK_WAITS'
2021-03-23T03:22:08.856818Z 0 [Note] Shutting down plugin 'INNODB_LOCKS'
2021-03-23T03:22:08.858508Z 0 [Note] Shutting down plugin 'INNODB_TRX'
2021-03-23T03:22:08.859231Z 0 [Note] Shutting down plugin 'InnoDB'
2021-03-23T03:22:08.860066Z 0 [Note] InnoDB: FTS optimize thread exiting.
2021-03-23T03:22:08.860835Z 0 [Note] InnoDB: Starting shutdown...
2021-03-23T03:22:08.968274Z 0 [Note] InnoDB: Dumping buffer pool(s) to /var/lib/mysql/ib_buffer_pool
2021-03-23T03:22:08.985320Z 0 [Note] InnoDB: Buffer pool(s) dump completed at 210323 12:22:08
2021-03-23T03:22:10.407540Z 0 [Note] InnoDB: Shutdown completed; log sequence number 12670203
2021-03-23T03:22:10.416342Z 0 [Note] InnoDB: Removed temporary tablespace data file: "ibtmp1"
2021-03-23T03:22:10.417576Z 0 [Note] Shutting down plugin 'MEMORY'
2021-03-23T03:22:10.418720Z 0 [Note] Shutting down plugin 'CSV'
2021-03-23T03:22:10.419798Z 0 [Note] Shutting down plugin 'sha256_password'
2021-03-23T03:22:10.420756Z 0 [Note] Shutting down plugin 'mysql_native_password'
2021-03-23T03:22:10.421960Z 0 [Note] Shutting down plugin 'binlog'
2021-03-23T03:22:10.427813Z 0 [Note] mysqld: Shutdown complete

2021-03-23T22:56:21.786264Z 0 [Warning] TIMESTAMP with implicit DEFAULT value is deprecated. Please use --explicit_defaults_for_timestamp server option (see documentation for more details).
2021-03-23T22:56:21.800913Z 0 [Note] mysqld (mysqld 5.7.33) starting as process 1 ...
2021-03-23T22:56:21.816953Z 0 [Warning] Setting lower_case_table_names=2 because file system for /var/lib/mysql/ is case insensitive
2021-03-23T22:56:21.836333Z 0 [Note] InnoDB: PUNCH HOLE support available
2021-03-23T22:56:21.839152Z 0 [Note] InnoDB: Mutexes and rw_locks use GCC atomic builtins
2021-03-23T22:56:21.842029Z 0 [Note] InnoDB: Uses event mutexes
2021-03-23T22:56:21.844079Z 0 [Note] InnoDB: GCC builtin __atomic_thread_fence() is used for memory barrier
2021-03-23T22:56:21.846202Z 0 [Note] InnoDB: Compressed tables use zlib 1.2.11
2021-03-23T22:56:21.850431Z 0 [Note] InnoDB: Using Linux native AIO
2021-03-23T22:56:21.856551Z 0 [Note] InnoDB: Number of pools: 1
2021-03-23T22:56:21.863114Z 0 [Note] InnoDB: Using CPU crc32 instructions
2021-03-23T22:56:21.868790Z 0 [Note] InnoDB: Initializing buffer pool, total size = 128M, instances = 1, chunk size = 128M
2021-03-23T22:56:21.895383Z 0 [Note] InnoDB: Completed initialization of buffer pool
2021-03-23T22:56:21.904042Z 0 [Note] InnoDB: If the mysqld execution user is authorized, page cleaner thread priority can be changed. See the man page of setpriority().
2021-03-23T22:56:21.995370Z 0 [Note] InnoDB: Highest supported file format is Barracuda.
2021-03-23T22:56:22.192715Z 0 [Note] InnoDB: Creating shared tablespace for temporary tables
2021-03-23T22:56:22.202897Z 0 [Note] InnoDB: Setting file './ibtmp1' size to 12 MB. Physically writing the file full; Please wait ...
2021-03-23T22:56:22.507391Z 0 [Note] InnoDB: File './ibtmp1' size is now 12 MB.
2021-03-23T22:56:22.516780Z 0 [Note] InnoDB: 96 redo rollback segment(s) found. 96 redo rollback segment(s) are active.
2021-03-23T22:56:22.518154Z 0 [Note] InnoDB: 32 non-redo rollback segment(s) are active.
2021-03-23T22:56:22.525014Z 0 [Note] InnoDB: 5.7.33 started; log sequence number 12670203
2021-03-23T22:56:22.527869Z 0 [Note] InnoDB: Loading buffer pool(s) from /var/lib/mysql/ib_buffer_pool
2021-03-23T22:56:22.530066Z 0 [Note] Plugin 'FEDERATED' is disabled.
2021-03-23T22:56:22.655958Z 0 [Note] Found ca.pem, server-cert.pem and server-key.pem in data directory. Trying to enable SSL support using them.
2021-03-23T22:56:22.658153Z 0 [Note] Skipping generation of SSL certificates as certificate files are present in data directory.
2021-03-23T22:56:22.684133Z 0 [Warning] CA certificate ca.pem is self signed.
2021-03-23T22:56:22.685395Z 0 [Note] Skipping generation of RSA key pair as key files are present in data directory.
2021-03-23T22:56:22.698829Z 0 [Note] Server hostname (bind-address): '*'; port: 3306
2021-03-23T22:56:22.700745Z 0 [Note] IPv6 is available.
2021-03-23T22:56:22.701921Z 0 [Note]   - '::' resolves to '::';
2021-03-23T22:56:22.703024Z 0 [Note] Server socket created on IP: '::'.
2021-03-23T22:56:22.710631Z 0 [Warning] Insecure configuration for --pid-file: Location '/var/run/mysqld' in the path is accessible to all OS users. Consider choosing a different directory.
2021-03-23T22:56:22.710867Z 0 [Note] InnoDB: Buffer pool(s) load completed at 210324  7:56:22
2021-03-23T22:56:23.366209Z 0 [Note] Event Scheduler: Loaded 0 events
2021-03-23T22:56:23.367737Z 0 [Note] mysqld: ready for connections.
Version: '5.7.33'  socket: '/var/run/mysqld/mysqld.sock'  port: 3306  MySQL Community Server (GPL)
